ARM GAS  /tmp/ccTpVlSu.s 			page 1


   1              		.cpu cortex-m7
   2              		.arch armv7e-m
   3              		.fpu fpv5-d16
   4              		.eabi_attribute 28, 1
   5              		.eabi_attribute 20, 1
   6              		.eabi_attribute 21, 1
   7              		.eabi_attribute 23, 3
   8              		.eabi_attribute 24, 1
   9              		.eabi_attribute 25, 1
  10              		.eabi_attribute 26, 1
  11              		.eabi_attribute 30, 1
  12              		.eabi_attribute 34, 1
  13              		.eabi_attribute 18, 4
  14              		.file	"commands.c"
  15              		.text
  16              	.Ltext0:
  17              		.cfi_sections	.debug_frame
  18              		.file 1 "../../../mod/commands/commands.c"
  19              		.section	.text.ping,"ax",%progbits
  20              		.align	1
  21              		.global	ping
  22              		.syntax unified
  23              		.thumb
  24              		.thumb_func
  26              	ping:
  27              	.LFB144:
   1:../../../mod/commands/commands.c **** /*******************************************************************************
   2:../../../mod/commands/commands.c **** *
   3:../../../mod/commands/commands.c **** * FILE: 
   4:../../../mod/commands/commands.c **** * 		commands.c
   5:../../../mod/commands/commands.c **** *
   6:../../../mod/commands/commands.c **** * DESCRIPTION: 
   7:../../../mod/commands/commands.c **** * 		Contains general command functions common to all embedded controllers
   8:../../../mod/commands/commands.c **** *
   9:../../../mod/commands/commands.c **** *******************************************************************************/
  10:../../../mod/commands/commands.c **** 
  11:../../../mod/commands/commands.c **** 
  12:../../../mod/commands/commands.c **** /*------------------------------------------------------------------------------
  13:../../../mod/commands/commands.c ****  Standard Includes                                                               
  14:../../../mod/commands/commands.c **** ------------------------------------------------------------------------------*/
  15:../../../mod/commands/commands.c **** #include <stdbool.h>
  16:../../../mod/commands/commands.c **** 
  17:../../../mod/commands/commands.c **** /*------------------------------------------------------------------------------
  18:../../../mod/commands/commands.c ****  Project Includes                                                               
  19:../../../mod/commands/commands.c **** ------------------------------------------------------------------------------*/
  20:../../../mod/commands/commands.c **** #include "main.h"
  21:../../../mod/commands/commands.c **** #include "commands.h"
  22:../../../mod/commands/commands.c **** #ifdef USE_RS485
  23:../../../mod/commands/commands.c ****     #include "rs485.h"
  24:../../../mod/commands/commands.c **** #endif
  25:../../../mod/commands/commands.c **** #include "usb.h"
  26:../../../mod/commands/commands.c **** #ifdef VALVE_CONTROLLER
  27:../../../mod/commands/commands.c ****     #include "valve.h"
  28:../../../mod/commands/commands.c **** #endif
  29:../../../mod/commands/commands.c **** 
  30:../../../mod/commands/commands.c **** 
  31:../../../mod/commands/commands.c **** /*------------------------------------------------------------------------------
ARM GAS  /tmp/ccTpVlSu.s 			page 2


  32:../../../mod/commands/commands.c ****  Procedures 
  33:../../../mod/commands/commands.c **** ------------------------------------------------------------------------------*/
  34:../../../mod/commands/commands.c **** 
  35:../../../mod/commands/commands.c **** 
  36:../../../mod/commands/commands.c **** /*******************************************************************************
  37:../../../mod/commands/commands.c **** *                                                                              *
  38:../../../mod/commands/commands.c **** * PROCEDURE:                                                                   * 
  39:../../../mod/commands/commands.c **** * 		ping                                                                   *
  40:../../../mod/commands/commands.c **** *                                                                              *
  41:../../../mod/commands/commands.c **** * DESCRIPTION:                                                                 * 
  42:../../../mod/commands/commands.c **** * 		Sends a 1 byte response back to host PC to signal a functioning        * 
  43:../../../mod/commands/commands.c **** *       serial connection                                                      *
  44:../../../mod/commands/commands.c **** *                                                                              *
  45:../../../mod/commands/commands.c **** *******************************************************************************/
  46:../../../mod/commands/commands.c **** void ping
  47:../../../mod/commands/commands.c ****     (
  48:../../../mod/commands/commands.c ****     #ifndef VALVE_CONTROLLER
  49:../../../mod/commands/commands.c ****         void
  50:../../../mod/commands/commands.c ****     #else
  51:../../../mod/commands/commands.c ****         CMD_SOURCE cmd_source
  52:../../../mod/commands/commands.c ****     #endif
  53:../../../mod/commands/commands.c ****     )
  54:../../../mod/commands/commands.c **** {
  28              		.loc 1 54 1 view -0
  29              		.cfi_startproc
  30              		@ args = 0, pretend = 0, frame = 0
  31              		@ frame_needed = 0, uses_anonymous_args = 0
  32              		@ link register save eliminated.
  55:../../../mod/commands/commands.c **** /*------------------------------------------------------------------------------
  56:../../../mod/commands/commands.c ****  Local variables                                                                     
  57:../../../mod/commands/commands.c **** ------------------------------------------------------------------------------*/
  58:../../../mod/commands/commands.c **** uint8_t    response;   /* A0002 Response Code */
  33              		.loc 1 58 1 view .LVU1
  59:../../../mod/commands/commands.c **** 
  60:../../../mod/commands/commands.c **** 
  61:../../../mod/commands/commands.c **** /*------------------------------------------------------------------------------
  62:../../../mod/commands/commands.c ****  Initializations 
  63:../../../mod/commands/commands.c **** ------------------------------------------------------------------------------*/
  64:../../../mod/commands/commands.c **** response = PING_RESPONSE_CODE; /* Code specific to board and revision */
  34              		.loc 1 64 1 view .LVU2
  35              	.LVL0:
  65:../../../mod/commands/commands.c **** 
  66:../../../mod/commands/commands.c **** 
  67:../../../mod/commands/commands.c **** /*------------------------------------------------------------------------------
  68:../../../mod/commands/commands.c ****  Command Implementation                                                         
  69:../../../mod/commands/commands.c **** ------------------------------------------------------------------------------*/
  70:../../../mod/commands/commands.c **** #ifdef VALVE_CONTROLLER 
  71:../../../mod/commands/commands.c ****     if ( cmd_source == CMD_SOURCE_USB )
  72:../../../mod/commands/commands.c ****         {
  73:../../../mod/commands/commands.c ****         usb_transmit( &response         , 
  74:../../../mod/commands/commands.c ****                       sizeof( response ), 
  75:../../../mod/commands/commands.c ****                       HAL_DEFAULT_TIMEOUT );
  76:../../../mod/commands/commands.c ****         }
  77:../../../mod/commands/commands.c ****     else
  78:../../../mod/commands/commands.c ****         {
  79:../../../mod/commands/commands.c ****         valve_transmit( &response         , 
  80:../../../mod/commands/commands.c ****                         sizeof( response ), 
ARM GAS  /tmp/ccTpVlSu.s 			page 3


  81:../../../mod/commands/commands.c ****                         HAL_DEFAULT_TIMEOUT );
  82:../../../mod/commands/commands.c ****         }
  83:../../../mod/commands/commands.c **** #endif
  84:../../../mod/commands/commands.c **** #ifdef ENGINE_CONTROLLER
  85:../../../mod/commands/commands.c ****     #if defined( USE_RS485 )
  86:../../../mod/commands/commands.c ****         rs485_transmit( &response, sizeof( response ), RS485_DEFAULT_TIMEOUT );
  87:../../../mod/commands/commands.c ****     #else
  88:../../../mod/commands/commands.c ****         usb_transmit( &response, sizeof( response ), HAL_DEFAULT_TIMEOUT );
  89:../../../mod/commands/commands.c ****     #endif
  90:../../../mod/commands/commands.c **** #endif /* #ifdef ENGINE_CONTROLLER */
  91:../../../mod/commands/commands.c **** 
  92:../../../mod/commands/commands.c **** } /* ping */
  36              		.loc 1 92 1 is_stmt 0 view .LVU3
  37 0000 7047     		bx	lr
  38              		.cfi_endproc
  39              	.LFE144:
  41              		.text
  42              	.Letext0:
  43              		.file 2 "/usr/lib/gcc/arm-none-eabi/12.2.1/include/stdint.h"
ARM GAS  /tmp/ccTpVlSu.s 			page 4


DEFINED SYMBOLS
                            *ABS*:0000000000000000 commands.c
     /tmp/ccTpVlSu.s:20     .text.ping:0000000000000000 $t
     /tmp/ccTpVlSu.s:26     .text.ping:0000000000000000 ping

NO UNDEFINED SYMBOLS
