ARM GAS  /tmp/cccwz1ZD.s 			page 1


   1              		.cpu cortex-m7
   2              		.arch armv7e-m
   3              		.fpu fpv5-d16
   4              		.eabi_attribute 28, 1
   5              		.eabi_attribute 20, 1
   6              		.eabi_attribute 21, 1
   7              		.eabi_attribute 23, 3
   8              		.eabi_attribute 24, 1
   9              		.eabi_attribute 25, 1
  10              		.eabi_attribute 26, 1
  11              		.eabi_attribute 30, 1
  12              		.eabi_attribute 34, 1
  13              		.eabi_attribute 18, 4
  14              		.file	"main.c"
  15              		.text
  16              	.Ltext0:
  17              		.cfi_sections	.debug_frame
  18              		.file 1 "main.c"
  19              		.section	.text.main,"ax",%progbits
  20              		.align	1
  21              		.global	main
  22              		.syntax unified
  23              		.thumb
  24              		.thumb_func
  26              	main:
  27              	.LFB144:
   1:main.c        **** /*******************************************************************************
   2:main.c        **** *                                                                              *
   3:main.c        **** * FILE:                                                                        * 
   4:main.c        **** * 		main.c                                                                 *
   5:main.c        **** *                                                                              *
   6:main.c        **** * DESCRIPTION:                                                                 * 
   7:main.c        **** * 		Processes commands recieved from a host PC, provides fine control over * 
   8:main.c        **** *       flight computer hardware resources                                     *
   9:main.c        **** *                                                                              *
  10:main.c        **** *******************************************************************************/
  11:main.c        **** 
  12:main.c        **** 
  13:main.c        **** /*------------------------------------------------------------------------------
  14:main.c        ****  Standard Includes                                                                     
  15:main.c        **** ------------------------------------------------------------------------------*/
  16:main.c        **** #include <stdbool.h>
  17:main.c        **** #include "sdr_pin_defines_A0002.h"
  18:main.c        **** #include "sdr_error.h"
  19:main.c        **** 
  20:main.c        **** 
  21:main.c        **** /*------------------------------------------------------------------------------
  22:main.c        ****  Project Includes                                                                     
  23:main.c        **** ------------------------------------------------------------------------------*/
  24:main.c        **** 
  25:main.c        **** /* Application Layer */
  26:main.c        **** #include "main.h"
  27:main.c        **** #include "init.h"
  28:main.c        **** #include "fatfs.h"
  29:main.c        **** 
  30:main.c        **** /* Hardware modules */
  31:main.c        **** #include "baro.h"
ARM GAS  /tmp/cccwz1ZD.s 			page 2


  32:main.c        **** #include "buzzer.h"
  33:main.c        **** #include "commands.h"
  34:main.c        **** #include "flash.h"
  35:main.c        **** #include "ignition.h"
  36:main.c        **** #include "imu.h"
  37:main.c        **** #include "led.h"
  38:main.c        **** #include "sensor.h"
  39:main.c        **** #include "usb.h"
  40:main.c        **** #include "servo.h"
  41:main.c        **** 
  42:main.c        **** /*------------------------------------------------------------------------------
  43:main.c        ****  MCU Peripheral Handlers                                                         
  44:main.c        **** ------------------------------------------------------------------------------*/
  45:main.c        **** I2C_HandleTypeDef  hi2c1;   /* Baro sensor    */
  46:main.c        **** I2C_HandleTypeDef  hi2c2;   /* IMU and GPS    */
  47:main.c        **** SD_HandleTypeDef   hsd1;    /* SD Card        */
  48:main.c        **** SPI_HandleTypeDef  hspi2;   /* External flash */
  49:main.c        **** TIM_HandleTypeDef  htim4;   /* Buzzer Timer   */
  50:main.c        **** UART_HandleTypeDef huart6;  /* USB            */
  51:main.c        **** 
  52:main.c        **** TIM_HandleTypeDef  htim3;   /* 123 PWM Timer   */
  53:main.c        **** TIM_HandleTypeDef  htim2;   /* 4 PWN Timer   */
  54:main.c        **** 
  55:main.c        **** /*------------------------------------------------------------------------------
  56:main.c        ****  Application entry point                                                      
  57:main.c        **** ------------------------------------------------------------------------------*/
  58:main.c        **** int main
  59:main.c        **** 	(
  60:main.c        ****  	void
  61:main.c        **** 	)
  62:main.c        **** {
  28              		.loc 1 62 1 view -0
  29              		.cfi_startproc
  30              		@ args = 0, pretend = 0, frame = 72
  31              		@ frame_needed = 0, uses_anonymous_args = 0
  32 0000 00B5     		push	{lr}
  33              	.LCFI0:
  34              		.cfi_def_cfa_offset 4
  35              		.cfi_offset 14, -4
  36 0002 93B0     		sub	sp, sp, #76
  37              	.LCFI1:
  38              		.cfi_def_cfa_offset 80
  63:main.c        **** /*------------------------------------------------------------------------------
  64:main.c        ****  Local Variables                                                                
  65:main.c        **** ------------------------------------------------------------------------------*/
  66:main.c        **** 
  67:main.c        **** /* USB */
  68:main.c        **** uint8_t       rx_data;                         /* USB Incoming Data Buffer    */
  39              		.loc 1 68 1 view .LVU1
  69:main.c        **** uint8_t       subcommand_code;                 /* Subcommand opcode           */
  40              		.loc 1 69 1 view .LVU2
  70:main.c        **** USB_STATUS    command_status;                  /* Status of USB HAL           */
  41              		.loc 1 70 1 view .LVU3
  71:main.c        **** uint8_t       firmware_code;                   /* Firmware identifying code   */
  42              		.loc 1 71 1 view .LVU4
  72:main.c        **** 
  73:main.c        **** /* External Flash */
ARM GAS  /tmp/cccwz1ZD.s 			page 3


  74:main.c        **** FLASH_STATUS  flash_status;                    /* Status of flash driver      */
  43              		.loc 1 74 1 view .LVU5
  75:main.c        **** HFLASH_BUFFER flash_handle;                    /* Flash API buffer handle     */
  44              		.loc 1 75 1 view .LVU6
  76:main.c        **** uint8_t       flash_buffer[ DEF_FLASH_BUFFER_SIZE ]; /* Flash data buffer     */
  45              		.loc 1 76 1 view .LVU7
  77:main.c        **** 
  78:main.c        **** /* Barometric Pressure Sensor */
  79:main.c        **** BARO_STATUS   baro_status;                     /* Status of baro sensor       */
  46              		.loc 1 79 1 view .LVU8
  80:main.c        **** BARO_CONFIG   baro_configs;                    /* Baro sensor config settings */
  47              		.loc 1 80 1 view .LVU9
  81:main.c        **** 
  82:main.c        **** /* IMU */
  83:main.c        **** IMU_STATUS    imu_status;                      /* IMU return codes            */
  48              		.loc 1 83 1 view .LVU10
  84:main.c        **** IMU_CONFIG    imu_configs;                     /* IMU config settings         */
  49              		.loc 1 84 1 view .LVU11
  85:main.c        **** 
  86:main.c        **** /* Ignition/Parachute Ejection */
  87:main.c        **** IGN_STATUS    ign_status;                      /* Ignition status code        */
  50              		.loc 1 87 1 view .LVU12
  88:main.c        **** 
  89:main.c        **** 
  90:main.c        **** /*------------------------------------------------------------------------------
  91:main.c        ****  MCU/HAL Initialization                                                                  
  92:main.c        **** ------------------------------------------------------------------------------*/
  93:main.c        **** HAL_Init                (); /* Reset peripherals, initialize flash interface 
  51              		.loc 1 93 1 view .LVU13
  52 0004 FFF7FEFF 		bl	HAL_Init
  53              	.LVL0:
  94:main.c        ****                                and Systick.                                   */
  95:main.c        **** SystemClock_Config      (); /* System clock                                   */
  54              		.loc 1 95 1 view .LVU14
  55 0008 FFF7FEFF 		bl	SystemClock_Config
  56              	.LVL1:
  96:main.c        **** PeriphCommonClock_Config(); /* Common Peripherals clock                       */
  57              		.loc 1 96 1 view .LVU15
  58 000c FFF7FEFF 		bl	PeriphCommonClock_Config
  59              	.LVL2:
  97:main.c        **** GPIO_Init               (); /* GPIO                                           */
  60              		.loc 1 97 1 view .LVU16
  61 0010 FFF7FEFF 		bl	GPIO_Init
  62              	.LVL3:
  98:main.c        **** USB_UART_Init           (); /* USB UART                                       */
  63              		.loc 1 98 1 view .LVU17
  64 0014 FFF7FEFF 		bl	USB_UART_Init
  65              	.LVL4:
  99:main.c        **** Baro_I2C_Init           (); /* Barometric pressure sensor                     */
  66              		.loc 1 99 1 view .LVU18
  67 0018 FFF7FEFF 		bl	Baro_I2C_Init
  68              	.LVL5:
 100:main.c        **** IMU_GPS_I2C_Init        (); /* IMU and GPS                                    */
  69              		.loc 1 100 1 view .LVU19
  70 001c FFF7FEFF 		bl	IMU_GPS_I2C_Init
  71              	.LVL6:
 101:main.c        **** FLASH_SPI_Init          (); /* External flash chip                            */
ARM GAS  /tmp/cccwz1ZD.s 			page 4


  72              		.loc 1 101 1 view .LVU20
  73 0020 FFF7FEFF 		bl	FLASH_SPI_Init
  74              	.LVL7:
 102:main.c        **** BUZZER_TIM_Init         (); /* Buzzer                                         */
  75              		.loc 1 102 1 view .LVU21
  76 0024 FFF7FEFF 		bl	BUZZER_TIM_Init
  77              	.LVL8:
 103:main.c        **** SD_SDMMC_Init           (); /* SD card SDMMC interface                        */
  78              		.loc 1 103 1 view .LVU22
  79 0028 FFF7FEFF 		bl	SD_SDMMC_Init
  80              	.LVL9:
 104:main.c        **** MX_FATFS_Init           (); /* FatFs file system middleware                   */
  81              		.loc 1 104 1 view .LVU23
  82 002c FFF7FEFF 		bl	MX_FATFS_Init
  83              	.LVL10:
 105:main.c        **** PWM4_TIM_Init			();
  84              		.loc 1 105 1 view .LVU24
  85 0030 FFF7FEFF 		bl	PWM4_TIM_Init
  86              	.LVL11:
 106:main.c        **** PWM123_TIM_Init			();
  87              		.loc 1 106 1 view .LVU25
  88 0034 FFF7FEFF 		bl	PWM123_TIM_Init
  89              	.LVL12:
 107:main.c        **** 
 108:main.c        **** /*------------------------------------------------------------------------------
 109:main.c        ****  Variable Initializations 
 110:main.c        **** ------------------------------------------------------------------------------*/
 111:main.c        **** 
 112:main.c        **** /* Flash Configuration */
 113:main.c        **** flash_handle.write_protected   = FLASH_WP_WRITE_ENABLED;
  90              		.loc 1 113 1 view .LVU26
  91              		.loc 1 113 32 is_stmt 0 view .LVU27
  92 0038 0023     		movs	r3, #0
  93 003a 8DF84430 		strb	r3, [sp, #68]
 114:main.c        **** flash_handle.num_bytes         = 0;
  94              		.loc 1 114 1 is_stmt 1 view .LVU28
  95              		.loc 1 114 32 is_stmt 0 view .LVU29
  96 003e 0E93     		str	r3, [sp, #56]
 115:main.c        **** flash_handle.address           = 0;
  97              		.loc 1 115 1 is_stmt 1 view .LVU30
  98              		.loc 1 115 32 is_stmt 0 view .LVU31
  99 0040 0F93     		str	r3, [sp, #60]
 116:main.c        **** flash_handle.pbuffer           = &flash_buffer[0];
 100              		.loc 1 116 1 is_stmt 1 view .LVU32
 101              		.loc 1 116 32 is_stmt 0 view .LVU33
 102 0042 06AA     		add	r2, sp, #24
 103 0044 1092     		str	r2, [sp, #64]
 117:main.c        **** flash_handle.status_register   = 0xFF;
 104              		.loc 1 117 1 is_stmt 1 view .LVU34
 105              		.loc 1 117 32 is_stmt 0 view .LVU35
 106 0046 FF22     		movs	r2, #255
 107 0048 8DF84720 		strb	r2, [sp, #71]
 118:main.c        **** flash_handle.bpl_bits          = FLASH_BPL_NONE;
 108              		.loc 1 118 1 is_stmt 1 view .LVU36
 109              		.loc 1 118 32 is_stmt 0 view .LVU37
 110 004c C322     		movs	r2, #195
 111 004e 8DF84520 		strb	r2, [sp, #69]
ARM GAS  /tmp/cccwz1ZD.s 			page 5


 119:main.c        **** flash_handle.bpl_write_protect = FLASH_BPL_READ_WRITE;
 112              		.loc 1 119 1 is_stmt 1 view .LVU38
 113              		.loc 1 119 32 is_stmt 0 view .LVU39
 114 0052 8DF84630 		strb	r3, [sp, #70]
 120:main.c        **** 
 121:main.c        **** /* Baro Configuration */
 122:main.c        **** baro_configs.enable            = BARO_PRESS_TEMP_ENABLED;
 115              		.loc 1 122 1 is_stmt 1 view .LVU40
 116              		.loc 1 122 32 is_stmt 0 view .LVU41
 117 0056 0322     		movs	r2, #3
 118 0058 8DF81020 		strb	r2, [sp, #16]
 123:main.c        **** baro_configs.mode              = BARO_NORMAL_MODE;
 119              		.loc 1 123 1 is_stmt 1 view .LVU42
 120              		.loc 1 123 32 is_stmt 0 view .LVU43
 121 005c 8DF81120 		strb	r2, [sp, #17]
 124:main.c        **** baro_configs.press_OSR_setting = BARO_PRESS_OSR_X8;
 122              		.loc 1 124 1 is_stmt 1 view .LVU44
 123              		.loc 1 124 32 is_stmt 0 view .LVU45
 124 0060 8DF81220 		strb	r2, [sp, #18]
 125:main.c        **** baro_configs.temp_OSR_setting  = BARO_TEMP_OSR_X1;
 125              		.loc 1 125 1 is_stmt 1 view .LVU46
 126              		.loc 1 125 32 is_stmt 0 view .LVU47
 127 0064 8DF81330 		strb	r3, [sp, #19]
 126:main.c        **** baro_configs.ODR_setting       = BARO_ODR_50HZ;
 128              		.loc 1 126 1 is_stmt 1 view .LVU48
 129              		.loc 1 126 32 is_stmt 0 view .LVU49
 130 0068 0221     		movs	r1, #2
 131 006a 8DF81410 		strb	r1, [sp, #20]
 127:main.c        **** baro_configs.IIR_setting       = BARO_IIR_COEF_0;
 132              		.loc 1 127 1 is_stmt 1 view .LVU50
 133              		.loc 1 127 32 is_stmt 0 view .LVU51
 134 006e 8DF81530 		strb	r3, [sp, #21]
 128:main.c        **** 
 129:main.c        **** /* IMU Configuration */
 130:main.c        **** imu_configs.sensor_enable      = IMU_ENABLE_GYRO_ACC_TEMP;
 135              		.loc 1 130 1 is_stmt 1 view .LVU52
 136              		.loc 1 130 32 is_stmt 0 view .LVU53
 137 0072 0E20     		movs	r0, #14
 138 0074 8DF80000 		strb	r0, [sp]
 131:main.c        **** imu_configs.acc_odr            = IMU_ODR_100;
 139              		.loc 1 131 1 is_stmt 1 view .LVU54
 140              		.loc 1 131 32 is_stmt 0 view .LVU55
 141 0078 0820     		movs	r0, #8
 142 007a 8DF80100 		strb	r0, [sp, #1]
 132:main.c        **** imu_configs.gyro_odr           = IMU_ODR_100;
 143              		.loc 1 132 1 is_stmt 1 view .LVU56
 144              		.loc 1 132 32 is_stmt 0 view .LVU57
 145 007e 8DF80200 		strb	r0, [sp, #2]
 133:main.c        **** imu_configs.mag_odr            = MAG_ODR_10HZ;
 146              		.loc 1 133 1 is_stmt 1 view .LVU58
 147              		.loc 1 133 32 is_stmt 0 view .LVU59
 148 0082 8DF80330 		strb	r3, [sp, #3]
 134:main.c        **** imu_configs.acc_filter         = IMU_FILTER_NORM_AVG4;
 149              		.loc 1 134 1 is_stmt 1 view .LVU60
 150              		.loc 1 134 32 is_stmt 0 view .LVU61
 151 0086 2020     		movs	r0, #32
 152 0088 8DF80400 		strb	r0, [sp, #4]
ARM GAS  /tmp/cccwz1ZD.s 			page 6


 135:main.c        **** imu_configs.gyro_filter        = IMU_FILTER_NORM_AVG4;
 153              		.loc 1 135 1 is_stmt 1 view .LVU62
 154              		.loc 1 135 32 is_stmt 0 view .LVU63
 155 008c 8DF80500 		strb	r0, [sp, #5]
 136:main.c        **** imu_configs.acc_filter_mode    = IMU_FILTER_FILTER_MODE;
 156              		.loc 1 136 1 is_stmt 1 view .LVU64
 157              		.loc 1 136 32 is_stmt 0 view .LVU65
 158 0090 8020     		movs	r0, #128
 159 0092 8DF80600 		strb	r0, [sp, #6]
 137:main.c        **** imu_configs.gyro_filter_mode   = IMU_FILTER_FILTER_MODE;
 160              		.loc 1 137 1 is_stmt 1 view .LVU66
 161              		.loc 1 137 32 is_stmt 0 view .LVU67
 162 0096 8DF80700 		strb	r0, [sp, #7]
 138:main.c        **** imu_configs.acc_range          = IMU_ACC_RANGE_16G;
 163              		.loc 1 138 1 is_stmt 1 view .LVU68
 164              		.loc 1 138 32 is_stmt 0 view .LVU69
 165 009a 8DF80820 		strb	r2, [sp, #8]
 139:main.c        **** imu_configs.gyro_range         = IMU_GYRO_RANGE_500;
 166              		.loc 1 139 1 is_stmt 1 view .LVU70
 167              		.loc 1 139 32 is_stmt 0 view .LVU71
 168 009e 8DF80910 		strb	r1, [sp, #9]
 140:main.c        **** imu_configs.mag_op_mode        = MAG_NORMAL_MODE;
 169              		.loc 1 140 1 is_stmt 1 view .LVU72
 170              		.loc 1 140 32 is_stmt 0 view .LVU73
 171 00a2 8DF80A30 		strb	r3, [sp, #10]
 141:main.c        **** imu_configs.mag_xy_repititions = 9; /* BMM150 Regular Preset Recomendation */
 172              		.loc 1 141 1 is_stmt 1 view .LVU74
 173              		.loc 1 141 32 is_stmt 0 view .LVU75
 174 00a6 0923     		movs	r3, #9
 175 00a8 8DF80B30 		strb	r3, [sp, #11]
 142:main.c        **** imu_configs.mag_z_repititions  = 15;
 176              		.loc 1 142 1 is_stmt 1 view .LVU76
 177              		.loc 1 142 32 is_stmt 0 view .LVU77
 178 00ac 0F23     		movs	r3, #15
 179 00ae 8DF80C30 		strb	r3, [sp, #12]
 143:main.c        **** 
 144:main.c        **** /* Module return codes */
 145:main.c        **** baro_status                    = BARO_OK;
 180              		.loc 1 145 1 is_stmt 1 view .LVU78
 181              	.LVL13:
 146:main.c        **** command_status                 = USB_OK;
 182              		.loc 1 146 1 view .LVU79
 147:main.c        **** flash_status                   = FLASH_OK;
 183              		.loc 1 147 1 view .LVU80
 148:main.c        **** ign_status                     = IGN_OK;
 184              		.loc 1 148 1 view .LVU81
 149:main.c        **** imu_status                     = IMU_OK;
 185              		.loc 1 149 1 view .LVU82
 150:main.c        **** 
 151:main.c        **** /* General board configuration */
 152:main.c        **** firmware_code                  = FIRMWARE_CANARD;
 186              		.loc 1 152 1 view .LVU83
 153:main.c        **** 
 154:main.c        **** 
 155:main.c        **** /*------------------------------------------------------------------------------
 156:main.c        ****  External Hardware Initializations 
 157:main.c        **** ------------------------------------------------------------------------------*/
ARM GAS  /tmp/cccwz1ZD.s 			page 7


 158:main.c        **** 
 159:main.c        **** /* Flash Chip */
 160:main.c        **** flash_status = flash_init( &flash_handle );
 187              		.loc 1 160 1 view .LVU84
 188              		.loc 1 160 16 is_stmt 0 view .LVU85
 189 00b2 0EA8     		add	r0, sp, #56
 190 00b4 FFF7FEFF 		bl	flash_init
 191              	.LVL14:
 161:main.c        **** if ( flash_status != FLASH_OK )
 192              		.loc 1 161 1 is_stmt 1 view .LVU86
 193              		.loc 1 161 4 is_stmt 0 view .LVU87
 194 00b8 68B9     		cbnz	r0, .L7
 195              	.LVL15:
 196              	.L2:
 162:main.c        **** 	{
 163:main.c        **** 	Error_Handler( ERROR_FLASH_INIT_ERROR );
 164:main.c        **** 	}
 165:main.c        **** 
 166:main.c        **** /* Sensor Module - Sets up the sensor sizes/offsets table */
 167:main.c        **** sensor_init();
 197              		.loc 1 167 1 is_stmt 1 view .LVU88
 198 00ba FFF7FEFF 		bl	sensor_init
 199              	.LVL16:
 168:main.c        **** 
 169:main.c        **** /* Barometric pressure sensor */
 170:main.c        **** baro_status = baro_init( &baro_configs );
 200              		.loc 1 170 1 view .LVU89
 201              		.loc 1 170 15 is_stmt 0 view .LVU90
 202 00be 04A8     		add	r0, sp, #16
 203 00c0 FFF7FEFF 		bl	baro_init
 204              	.LVL17:
 171:main.c        **** if ( baro_status != BARO_OK )
 205              		.loc 1 171 1 is_stmt 1 view .LVU91
 206              		.loc 1 171 4 is_stmt 0 view .LVU92
 207 00c4 58B9     		cbnz	r0, .L8
 208              	.LVL18:
 209              	.L3:
 172:main.c        **** 	{
 173:main.c        **** 	Error_Handler( ERROR_BARO_INIT_ERROR );
 174:main.c        **** 	}
 175:main.c        **** 
 176:main.c        **** /* IMU */
 177:main.c        **** imu_status = imu_init( &imu_configs );
 210              		.loc 1 177 1 is_stmt 1 view .LVU93
 211              		.loc 1 177 14 is_stmt 0 view .LVU94
 212 00c6 6846     		mov	r0, sp
 213 00c8 FFF7FEFF 		bl	imu_init
 214              	.LVL19:
 178:main.c        **** if ( imu_status != IMU_OK )
 215              		.loc 1 178 1 is_stmt 1 view .LVU95
 216              		.loc 1 178 4 is_stmt 0 view .LVU96
 217 00cc 58B9     		cbnz	r0, .L9
 218              	.LVL20:
 219              	.L4:
 179:main.c        **** 	{
 180:main.c        **** 	Error_Handler( ERROR_IMU_INIT_ERROR );
 181:main.c        **** 	}
ARM GAS  /tmp/cccwz1ZD.s 			page 8


 182:main.c        **** 
 183:main.c        **** /* Indicate Successful MCU and Peripheral Hardware Setup */
 184:main.c        **** led_set_color( LED_GREEN );
 220              		.loc 1 184 1 is_stmt 1 view .LVU97
 221 00ce 0120     		movs	r0, #1
 222 00d0 FFF7FEFF 		bl	led_set_color
 223              	.LVL21:
 224              	.L5:
 185:main.c        **** 
 186:main.c        **** 
 187:main.c        **** /*------------------------------------------------------------------------------
 188:main.c        ****  Event Loop                                                                  
 189:main.c        **** ------------------------------------------------------------------------------*/
 190:main.c        **** while (1)
 225              		.loc 1 190 1 discriminator 1 view .LVU98
 191:main.c        **** 	{
 192:main.c        **** 	
 193:main.c        **** 	}
 226              		.loc 1 193 2 discriminator 1 view .LVU99
 190:main.c        **** 	{
 227              		.loc 1 190 7 discriminator 1 view .LVU100
 228 00d4 FEE7     		b	.L5
 229              	.LVL22:
 230              	.L7:
 163:main.c        **** 	}
 231              		.loc 1 163 2 view .LVU101
 232 00d6 0020     		movs	r0, #0
 233              	.LVL23:
 163:main.c        **** 	}
 234              		.loc 1 163 2 is_stmt 0 view .LVU102
 235 00d8 FFF7FEFF 		bl	Error_Handler
 236              	.LVL24:
 237 00dc EDE7     		b	.L2
 238              	.LVL25:
 239              	.L8:
 173:main.c        **** 	}
 240              		.loc 1 173 2 is_stmt 1 view .LVU103
 241 00de 0120     		movs	r0, #1
 242              	.LVL26:
 173:main.c        **** 	}
 243              		.loc 1 173 2 is_stmt 0 view .LVU104
 244 00e0 FFF7FEFF 		bl	Error_Handler
 245              	.LVL27:
 246 00e4 EFE7     		b	.L3
 247              	.LVL28:
 248              	.L9:
 180:main.c        **** 	}
 249              		.loc 1 180 2 is_stmt 1 view .LVU105
 250 00e6 0220     		movs	r0, #2
 251              	.LVL29:
 180:main.c        **** 	}
 252              		.loc 1 180 2 is_stmt 0 view .LVU106
 253 00e8 FFF7FEFF 		bl	Error_Handler
 254              	.LVL30:
 255 00ec EFE7     		b	.L4
 256              		.cfi_endproc
 257              	.LFE144:
ARM GAS  /tmp/cccwz1ZD.s 			page 9


 259              		.global	htim2
 260              		.section	.bss.htim2,"aw",%nobits
 261              		.align	2
 264              	htim2:
 265 0000 00000000 		.space	76
 265      00000000 
 265      00000000 
 265      00000000 
 265      00000000 
 266              		.global	htim3
 267              		.section	.bss.htim3,"aw",%nobits
 268              		.align	2
 271              	htim3:
 272 0000 00000000 		.space	76
 272      00000000 
 272      00000000 
 272      00000000 
 272      00000000 
 273              		.global	huart6
 274              		.section	.bss.huart6,"aw",%nobits
 275              		.align	2
 278              	huart6:
 279 0000 00000000 		.space	144
 279      00000000 
 279      00000000 
 279      00000000 
 279      00000000 
 280              		.global	htim4
 281              		.section	.bss.htim4,"aw",%nobits
 282              		.align	2
 285              	htim4:
 286 0000 00000000 		.space	76
 286      00000000 
 286      00000000 
 286      00000000 
 286      00000000 
 287              		.global	hspi2
 288              		.section	.bss.hspi2,"aw",%nobits
 289              		.align	2
 292              	hspi2:
 293 0000 00000000 		.space	136
 293      00000000 
 293      00000000 
 293      00000000 
 293      00000000 
 294              		.global	hsd1
 295              		.section	.bss.hsd1,"aw",%nobits
 296              		.align	2
 299              	hsd1:
 300 0000 00000000 		.space	124
 300      00000000 
 300      00000000 
 300      00000000 
 300      00000000 
 301              		.global	hi2c2
 302              		.section	.bss.hi2c2,"aw",%nobits
 303              		.align	2
ARM GAS  /tmp/cccwz1ZD.s 			page 10


 306              	hi2c2:
 307 0000 00000000 		.space	76
 307      00000000 
 307      00000000 
 307      00000000 
 307      00000000 
 308              		.global	hi2c1
 309              		.section	.bss.hi2c1,"aw",%nobits
 310              		.align	2
 313              	hi2c1:
 314 0000 00000000 		.space	76
 314      00000000 
 314      00000000 
 314      00000000 
 314      00000000 
 315              		.text
 316              	.Letext0:
 317              		.file 2 "/usr/lib/gcc/arm-none-eabi/12.2.1/include/stdint.h"
 318              		.file 3 "../../../lib/Drivers/CMSIS/Device/ST/STM32H7xx/Include/stm32h750xx.h"
 319              		.file 4 "../../../lib/Drivers/STM32H7xx_HAL_Driver/Inc/stm32h7xx_hal_def.h"
 320              		.file 5 "../../../lib/Drivers/STM32H7xx_HAL_Driver/Inc/stm32h7xx_hal_dma.h"
 321              		.file 6 "../../../lib/Drivers/STM32H7xx_HAL_Driver/Inc/stm32h7xx_hal_i2c.h"
 322              		.file 7 "../../../lib/Drivers/STM32H7xx_HAL_Driver/Inc/stm32h7xx_ll_sdmmc.h"
 323              		.file 8 "../../../lib/Drivers/STM32H7xx_HAL_Driver/Inc/stm32h7xx_hal_sd.h"
 324              		.file 9 "../../../lib/Drivers/STM32H7xx_HAL_Driver/Inc/stm32h7xx_hal_spi.h"
 325              		.file 10 "../../../lib/Drivers/STM32H7xx_HAL_Driver/Inc/stm32h7xx_hal_tim.h"
 326              		.file 11 "../../../lib/Drivers/STM32H7xx_HAL_Driver/Inc/stm32h7xx_hal_uart.h"
 327              		.file 12 "../../../lib/sdr_pin_defines_A0002.h"
 328              		.file 13 "../../../lib/util/sdr_error.h"
 329              		.file 14 "../../../mod/imu/imu.h"
 330              		.file 15 "../../../mod/flash/flash.h"
 331              		.file 16 "../../../mod/baro/baro.h"
 332              		.file 17 "../../../mod/ignition/ignition.h"
 333              		.file 18 "../../../mod/led/led.h"
 334              		.file 19 "../../../mod/usb/usb.h"
 335              		.file 20 "../../../mod/sensor/sensor.h"
 336              		.file 21 "../../../init/terminal/init.h"
 337              		.file 22 "../../../lib/FATFS/App/fatfs.h"
 338              		.file 23 "../../../lib/Drivers/STM32H7xx_HAL_Driver/Inc/stm32h7xx_hal.h"
ARM GAS  /tmp/cccwz1ZD.s 			page 11


DEFINED SYMBOLS
                            *ABS*:0000000000000000 main.c
     /tmp/cccwz1ZD.s:20     .text.main:0000000000000000 $t
     /tmp/cccwz1ZD.s:26     .text.main:0000000000000000 main
     /tmp/cccwz1ZD.s:264    .bss.htim2:0000000000000000 htim2
     /tmp/cccwz1ZD.s:261    .bss.htim2:0000000000000000 $d
     /tmp/cccwz1ZD.s:271    .bss.htim3:0000000000000000 htim3
     /tmp/cccwz1ZD.s:268    .bss.htim3:0000000000000000 $d
     /tmp/cccwz1ZD.s:278    .bss.huart6:0000000000000000 huart6
     /tmp/cccwz1ZD.s:275    .bss.huart6:0000000000000000 $d
     /tmp/cccwz1ZD.s:285    .bss.htim4:0000000000000000 htim4
     /tmp/cccwz1ZD.s:282    .bss.htim4:0000000000000000 $d
     /tmp/cccwz1ZD.s:292    .bss.hspi2:0000000000000000 hspi2
     /tmp/cccwz1ZD.s:289    .bss.hspi2:0000000000000000 $d
     /tmp/cccwz1ZD.s:299    .bss.hsd1:0000000000000000 hsd1
     /tmp/cccwz1ZD.s:296    .bss.hsd1:0000000000000000 $d
     /tmp/cccwz1ZD.s:306    .bss.hi2c2:0000000000000000 hi2c2
     /tmp/cccwz1ZD.s:303    .bss.hi2c2:0000000000000000 $d
     /tmp/cccwz1ZD.s:313    .bss.hi2c1:0000000000000000 hi2c1
     /tmp/cccwz1ZD.s:310    .bss.hi2c1:0000000000000000 $d

UNDEFINED SYMBOLS
HAL_Init
SystemClock_Config
PeriphCommonClock_Config
GPIO_Init
USB_UART_Init
Baro_I2C_Init
IMU_GPS_I2C_Init
FLASH_SPI_Init
BUZZER_TIM_Init
SD_SDMMC_Init
MX_FATFS_Init
PWM4_TIM_Init
PWM123_TIM_Init
flash_init
sensor_init
baro_init
imu_init
led_set_color
Error_Handler
