ARM GAS  /tmp/cc3MS7KQ.s 			page 1


   1              		.cpu cortex-m7
   2              		.arch armv7e-m
   3              		.fpu fpv5-d16
   4              		.eabi_attribute 28, 1
   5              		.eabi_attribute 20, 1
   6              		.eabi_attribute 21, 1
   7              		.eabi_attribute 23, 3
   8              		.eabi_attribute 24, 1
   9              		.eabi_attribute 25, 1
  10              		.eabi_attribute 26, 1
  11              		.eabi_attribute 30, 1
  12              		.eabi_attribute 34, 1
  13              		.eabi_attribute 18, 4
  14              		.file	"stm32h7xx_it.c"
  15              		.text
  16              	.Ltext0:
  17              		.cfi_sections	.debug_frame
  18              		.file 1 "../../../init/terminal/config/Src/stm32h7xx_it.c"
  19              		.section	.text.NMI_Handler,"ax",%progbits
  20              		.align	1
  21              		.global	NMI_Handler
  22              		.syntax unified
  23              		.thumb
  24              		.thumb_func
  26              	NMI_Handler:
  27              	.LFB144:
   1:../../../init/terminal/config/Src/stm32h7xx_it.c **** /*******************************************************************************
   2:../../../init/terminal/config/Src/stm32h7xx_it.c **** *                                                                              *
   3:../../../init/terminal/config/Src/stm32h7xx_it.c **** * FILE:                                                                        *
   4:../../../init/terminal/config/Src/stm32h7xx_it.c **** *       stm32h7xx_it.c                                                         *
   5:../../../init/terminal/config/Src/stm32h7xx_it.c **** *                                                                              *
   6:../../../init/terminal/config/Src/stm32h7xx_it.c **** * DESCRIPTION:                                                                 *
   7:../../../init/terminal/config/Src/stm32h7xx_it.c **** *       Contains implementation of interrupt service routines                  *
   8:../../../init/terminal/config/Src/stm32h7xx_it.c **** *                                                                              *
   9:../../../init/terminal/config/Src/stm32h7xx_it.c **** *******************************************************************************/
  10:../../../init/terminal/config/Src/stm32h7xx_it.c **** 
  11:../../../init/terminal/config/Src/stm32h7xx_it.c **** 
  12:../../../init/terminal/config/Src/stm32h7xx_it.c **** /*------------------------------------------------------------------------------
  13:../../../init/terminal/config/Src/stm32h7xx_it.c **** Standard Includes                                                                     
  14:../../../init/terminal/config/Src/stm32h7xx_it.c **** ------------------------------------------------------------------------------*/
  15:../../../init/terminal/config/Src/stm32h7xx_it.c **** #include "main.h"
  16:../../../init/terminal/config/Src/stm32h7xx_it.c **** #include "stm32h7xx_it.h"
  17:../../../init/terminal/config/Src/stm32h7xx_it.c **** 
  18:../../../init/terminal/config/Src/stm32h7xx_it.c **** /*------------------------------------------------------------------------------
  19:../../../init/terminal/config/Src/stm32h7xx_it.c **** External variables                                                                     
  20:../../../init/terminal/config/Src/stm32h7xx_it.c **** ------------------------------------------------------------------------------*/
  21:../../../init/terminal/config/Src/stm32h7xx_it.c **** extern TIM_HandleTypeDef htim2;
  22:../../../init/terminal/config/Src/stm32h7xx_it.c **** extern TIM_HandleTypeDef htim3;
  23:../../../init/terminal/config/Src/stm32h7xx_it.c **** 
  24:../../../init/terminal/config/Src/stm32h7xx_it.c **** /*------------------------------------------------------------------------------
  25:../../../init/terminal/config/Src/stm32h7xx_it.c ****              Cortex Processor Interruption and Exception Handlers             
  26:../../../init/terminal/config/Src/stm32h7xx_it.c **** ------------------------------------------------------------------------------*/
  27:../../../init/terminal/config/Src/stm32h7xx_it.c **** 
  28:../../../init/terminal/config/Src/stm32h7xx_it.c **** 
  29:../../../init/terminal/config/Src/stm32h7xx_it.c **** /**
  30:../../../init/terminal/config/Src/stm32h7xx_it.c ****   * @brief This function handles Non maskable interrupt.
  31:../../../init/terminal/config/Src/stm32h7xx_it.c ****   */
ARM GAS  /tmp/cc3MS7KQ.s 			page 2


  32:../../../init/terminal/config/Src/stm32h7xx_it.c **** void NMI_Handler(void)
  33:../../../init/terminal/config/Src/stm32h7xx_it.c **** {
  28              		.loc 1 33 1 view -0
  29              		.cfi_startproc
  30              		@ Volatile: function does not return.
  31              		@ args = 0, pretend = 0, frame = 0
  32              		@ frame_needed = 0, uses_anonymous_args = 0
  33              		@ link register save eliminated.
  34              	.L2:
  34:../../../init/terminal/config/Src/stm32h7xx_it.c ****   while (1)
  35              		.loc 1 34 3 discriminator 1 view .LVU1
  35:../../../init/terminal/config/Src/stm32h7xx_it.c ****   {
  36:../../../init/terminal/config/Src/stm32h7xx_it.c ****   }
  36              		.loc 1 36 3 discriminator 1 view .LVU2
  34:../../../init/terminal/config/Src/stm32h7xx_it.c ****   while (1)
  37              		.loc 1 34 9 discriminator 1 view .LVU3
  38 0000 FEE7     		b	.L2
  39              		.cfi_endproc
  40              	.LFE144:
  42              		.section	.text.HardFault_Handler,"ax",%progbits
  43              		.align	1
  44              		.global	HardFault_Handler
  45              		.syntax unified
  46              		.thumb
  47              		.thumb_func
  49              	HardFault_Handler:
  50              	.LFB145:
  37:../../../init/terminal/config/Src/stm32h7xx_it.c **** }
  38:../../../init/terminal/config/Src/stm32h7xx_it.c **** 
  39:../../../init/terminal/config/Src/stm32h7xx_it.c **** /**
  40:../../../init/terminal/config/Src/stm32h7xx_it.c ****   * @brief This function handles Hard fault interrupt.
  41:../../../init/terminal/config/Src/stm32h7xx_it.c ****   */
  42:../../../init/terminal/config/Src/stm32h7xx_it.c **** void HardFault_Handler(void)
  43:../../../init/terminal/config/Src/stm32h7xx_it.c **** {
  51              		.loc 1 43 1 view -0
  52              		.cfi_startproc
  53              		@ Volatile: function does not return.
  54              		@ args = 0, pretend = 0, frame = 0
  55              		@ frame_needed = 0, uses_anonymous_args = 0
  56              		@ link register save eliminated.
  57              	.L4:
  44:../../../init/terminal/config/Src/stm32h7xx_it.c ****   while (1)
  58              		.loc 1 44 3 discriminator 1 view .LVU5
  45:../../../init/terminal/config/Src/stm32h7xx_it.c ****   {
  46:../../../init/terminal/config/Src/stm32h7xx_it.c ****   }
  59              		.loc 1 46 3 discriminator 1 view .LVU6
  44:../../../init/terminal/config/Src/stm32h7xx_it.c ****   while (1)
  60              		.loc 1 44 9 discriminator 1 view .LVU7
  61 0000 FEE7     		b	.L4
  62              		.cfi_endproc
  63              	.LFE145:
  65              		.section	.text.MemManage_Handler,"ax",%progbits
  66              		.align	1
  67              		.global	MemManage_Handler
  68              		.syntax unified
  69              		.thumb
  70              		.thumb_func
ARM GAS  /tmp/cc3MS7KQ.s 			page 3


  72              	MemManage_Handler:
  73              	.LFB146:
  47:../../../init/terminal/config/Src/stm32h7xx_it.c **** }
  48:../../../init/terminal/config/Src/stm32h7xx_it.c **** 
  49:../../../init/terminal/config/Src/stm32h7xx_it.c **** /**
  50:../../../init/terminal/config/Src/stm32h7xx_it.c ****   * @brief This function handles Memory management fault.
  51:../../../init/terminal/config/Src/stm32h7xx_it.c ****   */
  52:../../../init/terminal/config/Src/stm32h7xx_it.c **** void MemManage_Handler(void)
  53:../../../init/terminal/config/Src/stm32h7xx_it.c **** {
  74              		.loc 1 53 1 view -0
  75              		.cfi_startproc
  76              		@ Volatile: function does not return.
  77              		@ args = 0, pretend = 0, frame = 0
  78              		@ frame_needed = 0, uses_anonymous_args = 0
  79              		@ link register save eliminated.
  80              	.L6:
  54:../../../init/terminal/config/Src/stm32h7xx_it.c ****   while (1)
  81              		.loc 1 54 3 discriminator 1 view .LVU9
  55:../../../init/terminal/config/Src/stm32h7xx_it.c ****   {
  56:../../../init/terminal/config/Src/stm32h7xx_it.c ****   }
  82              		.loc 1 56 3 discriminator 1 view .LVU10
  54:../../../init/terminal/config/Src/stm32h7xx_it.c ****   while (1)
  83              		.loc 1 54 9 discriminator 1 view .LVU11
  84 0000 FEE7     		b	.L6
  85              		.cfi_endproc
  86              	.LFE146:
  88              		.section	.text.BusFault_Handler,"ax",%progbits
  89              		.align	1
  90              		.global	BusFault_Handler
  91              		.syntax unified
  92              		.thumb
  93              		.thumb_func
  95              	BusFault_Handler:
  96              	.LFB147:
  57:../../../init/terminal/config/Src/stm32h7xx_it.c **** }
  58:../../../init/terminal/config/Src/stm32h7xx_it.c **** 
  59:../../../init/terminal/config/Src/stm32h7xx_it.c **** /**
  60:../../../init/terminal/config/Src/stm32h7xx_it.c ****   * @brief This function handles Pre-fetch fault, memory access fault.
  61:../../../init/terminal/config/Src/stm32h7xx_it.c ****   */
  62:../../../init/terminal/config/Src/stm32h7xx_it.c **** void BusFault_Handler(void)
  63:../../../init/terminal/config/Src/stm32h7xx_it.c **** {
  97              		.loc 1 63 1 view -0
  98              		.cfi_startproc
  99              		@ Volatile: function does not return.
 100              		@ args = 0, pretend = 0, frame = 0
 101              		@ frame_needed = 0, uses_anonymous_args = 0
 102              		@ link register save eliminated.
 103              	.L8:
  64:../../../init/terminal/config/Src/stm32h7xx_it.c ****   while (1)
 104              		.loc 1 64 3 discriminator 1 view .LVU13
  65:../../../init/terminal/config/Src/stm32h7xx_it.c ****   {
  66:../../../init/terminal/config/Src/stm32h7xx_it.c ****   }
 105              		.loc 1 66 3 discriminator 1 view .LVU14
  64:../../../init/terminal/config/Src/stm32h7xx_it.c ****   while (1)
 106              		.loc 1 64 9 discriminator 1 view .LVU15
 107 0000 FEE7     		b	.L8
 108              		.cfi_endproc
ARM GAS  /tmp/cc3MS7KQ.s 			page 4


 109              	.LFE147:
 111              		.section	.text.UsageFault_Handler,"ax",%progbits
 112              		.align	1
 113              		.global	UsageFault_Handler
 114              		.syntax unified
 115              		.thumb
 116              		.thumb_func
 118              	UsageFault_Handler:
 119              	.LFB148:
  67:../../../init/terminal/config/Src/stm32h7xx_it.c **** }
  68:../../../init/terminal/config/Src/stm32h7xx_it.c **** 
  69:../../../init/terminal/config/Src/stm32h7xx_it.c **** /**
  70:../../../init/terminal/config/Src/stm32h7xx_it.c ****   * @brief This function handles Undefined instruction or illegal state.
  71:../../../init/terminal/config/Src/stm32h7xx_it.c ****   */
  72:../../../init/terminal/config/Src/stm32h7xx_it.c **** void UsageFault_Handler(void)
  73:../../../init/terminal/config/Src/stm32h7xx_it.c **** {
 120              		.loc 1 73 1 view -0
 121              		.cfi_startproc
 122              		@ Volatile: function does not return.
 123              		@ args = 0, pretend = 0, frame = 0
 124              		@ frame_needed = 0, uses_anonymous_args = 0
 125              		@ link register save eliminated.
 126              	.L10:
  74:../../../init/terminal/config/Src/stm32h7xx_it.c ****   while (1)
 127              		.loc 1 74 3 discriminator 1 view .LVU17
  75:../../../init/terminal/config/Src/stm32h7xx_it.c ****   {
  76:../../../init/terminal/config/Src/stm32h7xx_it.c ****   }
 128              		.loc 1 76 3 discriminator 1 view .LVU18
  74:../../../init/terminal/config/Src/stm32h7xx_it.c ****   while (1)
 129              		.loc 1 74 9 discriminator 1 view .LVU19
 130 0000 FEE7     		b	.L10
 131              		.cfi_endproc
 132              	.LFE148:
 134              		.section	.text.SVC_Handler,"ax",%progbits
 135              		.align	1
 136              		.global	SVC_Handler
 137              		.syntax unified
 138              		.thumb
 139              		.thumb_func
 141              	SVC_Handler:
 142              	.LFB149:
  77:../../../init/terminal/config/Src/stm32h7xx_it.c **** }
  78:../../../init/terminal/config/Src/stm32h7xx_it.c **** 
  79:../../../init/terminal/config/Src/stm32h7xx_it.c **** /**
  80:../../../init/terminal/config/Src/stm32h7xx_it.c ****   * @brief This function handles System service call via SWI instruction.
  81:../../../init/terminal/config/Src/stm32h7xx_it.c ****   */
  82:../../../init/terminal/config/Src/stm32h7xx_it.c **** void SVC_Handler(void)
  83:../../../init/terminal/config/Src/stm32h7xx_it.c **** {
 143              		.loc 1 83 1 view -0
 144              		.cfi_startproc
 145              		@ args = 0, pretend = 0, frame = 0
 146              		@ frame_needed = 0, uses_anonymous_args = 0
 147              		@ link register save eliminated.
  84:../../../init/terminal/config/Src/stm32h7xx_it.c **** }
 148              		.loc 1 84 1 view .LVU21
 149 0000 7047     		bx	lr
 150              		.cfi_endproc
ARM GAS  /tmp/cc3MS7KQ.s 			page 5


 151              	.LFE149:
 153              		.section	.text.DebugMon_Handler,"ax",%progbits
 154              		.align	1
 155              		.global	DebugMon_Handler
 156              		.syntax unified
 157              		.thumb
 158              		.thumb_func
 160              	DebugMon_Handler:
 161              	.LFB150:
  85:../../../init/terminal/config/Src/stm32h7xx_it.c **** 
  86:../../../init/terminal/config/Src/stm32h7xx_it.c **** /**
  87:../../../init/terminal/config/Src/stm32h7xx_it.c ****   * @brief This function handles Debug monitor.
  88:../../../init/terminal/config/Src/stm32h7xx_it.c ****   */
  89:../../../init/terminal/config/Src/stm32h7xx_it.c **** void DebugMon_Handler(void)
  90:../../../init/terminal/config/Src/stm32h7xx_it.c **** {
 162              		.loc 1 90 1 view -0
 163              		.cfi_startproc
 164              		@ args = 0, pretend = 0, frame = 0
 165              		@ frame_needed = 0, uses_anonymous_args = 0
 166              		@ link register save eliminated.
  91:../../../init/terminal/config/Src/stm32h7xx_it.c **** }
 167              		.loc 1 91 1 view .LVU23
 168 0000 7047     		bx	lr
 169              		.cfi_endproc
 170              	.LFE150:
 172              		.section	.text.PendSV_Handler,"ax",%progbits
 173              		.align	1
 174              		.global	PendSV_Handler
 175              		.syntax unified
 176              		.thumb
 177              		.thumb_func
 179              	PendSV_Handler:
 180              	.LFB151:
  92:../../../init/terminal/config/Src/stm32h7xx_it.c **** 
  93:../../../init/terminal/config/Src/stm32h7xx_it.c **** /**
  94:../../../init/terminal/config/Src/stm32h7xx_it.c ****   * @brief This function handles Pendable request for system service.
  95:../../../init/terminal/config/Src/stm32h7xx_it.c ****   */
  96:../../../init/terminal/config/Src/stm32h7xx_it.c **** void PendSV_Handler(void)
  97:../../../init/terminal/config/Src/stm32h7xx_it.c **** {
 181              		.loc 1 97 1 view -0
 182              		.cfi_startproc
 183              		@ args = 0, pretend = 0, frame = 0
 184              		@ frame_needed = 0, uses_anonymous_args = 0
 185              		@ link register save eliminated.
  98:../../../init/terminal/config/Src/stm32h7xx_it.c **** }
 186              		.loc 1 98 1 view .LVU25
 187 0000 7047     		bx	lr
 188              		.cfi_endproc
 189              	.LFE151:
 191              		.section	.text.SysTick_Handler,"ax",%progbits
 192              		.align	1
 193              		.global	SysTick_Handler
 194              		.syntax unified
 195              		.thumb
 196              		.thumb_func
 198              	SysTick_Handler:
 199              	.LFB152:
ARM GAS  /tmp/cc3MS7KQ.s 			page 6


  99:../../../init/terminal/config/Src/stm32h7xx_it.c **** 
 100:../../../init/terminal/config/Src/stm32h7xx_it.c **** /**
 101:../../../init/terminal/config/Src/stm32h7xx_it.c ****   * @brief This function handles System tick timer.
 102:../../../init/terminal/config/Src/stm32h7xx_it.c ****   */
 103:../../../init/terminal/config/Src/stm32h7xx_it.c **** void SysTick_Handler(void)
 104:../../../init/terminal/config/Src/stm32h7xx_it.c **** {
 200              		.loc 1 104 1 view -0
 201              		.cfi_startproc
 202              		@ args = 0, pretend = 0, frame = 0
 203              		@ frame_needed = 0, uses_anonymous_args = 0
 204 0000 08B5     		push	{r3, lr}
 205              	.LCFI0:
 206              		.cfi_def_cfa_offset 8
 207              		.cfi_offset 3, -8
 208              		.cfi_offset 14, -4
 105:../../../init/terminal/config/Src/stm32h7xx_it.c ****   HAL_IncTick();
 209              		.loc 1 105 3 view .LVU27
 210 0002 FFF7FEFF 		bl	HAL_IncTick
 211              	.LVL0:
 106:../../../init/terminal/config/Src/stm32h7xx_it.c **** }
 212              		.loc 1 106 1 is_stmt 0 view .LVU28
 213 0006 08BD     		pop	{r3, pc}
 214              		.cfi_endproc
 215              	.LFE152:
 217              		.section	.text.TIM2_IRQHandler,"ax",%progbits
 218              		.align	1
 219              		.global	TIM2_IRQHandler
 220              		.syntax unified
 221              		.thumb
 222              		.thumb_func
 224              	TIM2_IRQHandler:
 225              	.LFB153:
 107:../../../init/terminal/config/Src/stm32h7xx_it.c **** 
 108:../../../init/terminal/config/Src/stm32h7xx_it.c **** /******************************************************************************/
 109:../../../init/terminal/config/Src/stm32h7xx_it.c **** /* STM32H7xx Peripheral Interrupt Handlers                                    */
 110:../../../init/terminal/config/Src/stm32h7xx_it.c **** /* Add here the Interrupt Handlers for the used peripherals.                  */
 111:../../../init/terminal/config/Src/stm32h7xx_it.c **** /* For the available peripheral interrupt handler names,                      */
 112:../../../init/terminal/config/Src/stm32h7xx_it.c **** /* please refer to the startup file (startup_stm32h7xx.s).                    */
 113:../../../init/terminal/config/Src/stm32h7xx_it.c **** /******************************************************************************/
 114:../../../init/terminal/config/Src/stm32h7xx_it.c **** 
 115:../../../init/terminal/config/Src/stm32h7xx_it.c **** /**
 116:../../../init/terminal/config/Src/stm32h7xx_it.c ****   * @brief This function handles TIM2 global interrupt.
 117:../../../init/terminal/config/Src/stm32h7xx_it.c ****   */
 118:../../../init/terminal/config/Src/stm32h7xx_it.c **** void TIM2_IRQHandler(void)
 119:../../../init/terminal/config/Src/stm32h7xx_it.c **** {
 226              		.loc 1 119 1 is_stmt 1 view -0
 227              		.cfi_startproc
 228              		@ args = 0, pretend = 0, frame = 0
 229              		@ frame_needed = 0, uses_anonymous_args = 0
 230 0000 08B5     		push	{r3, lr}
 231              	.LCFI1:
 232              		.cfi_def_cfa_offset 8
 233              		.cfi_offset 3, -8
 234              		.cfi_offset 14, -4
 120:../../../init/terminal/config/Src/stm32h7xx_it.c ****   /* USER CODE BEGIN TIM2_IRQn 0 */
 121:../../../init/terminal/config/Src/stm32h7xx_it.c **** 
 122:../../../init/terminal/config/Src/stm32h7xx_it.c ****   /* USER CODE END TIM2_IRQn 0 */
ARM GAS  /tmp/cc3MS7KQ.s 			page 7


 123:../../../init/terminal/config/Src/stm32h7xx_it.c ****   HAL_TIM_IRQHandler(&htim2);
 235              		.loc 1 123 3 view .LVU30
 236 0002 0248     		ldr	r0, .L18
 237 0004 FFF7FEFF 		bl	HAL_TIM_IRQHandler
 238              	.LVL1:
 124:../../../init/terminal/config/Src/stm32h7xx_it.c ****   /* USER CODE BEGIN TIM2_IRQn 1 */
 125:../../../init/terminal/config/Src/stm32h7xx_it.c **** 
 126:../../../init/terminal/config/Src/stm32h7xx_it.c ****   /* USER CODE END TIM2_IRQn 1 */
 127:../../../init/terminal/config/Src/stm32h7xx_it.c **** }
 239              		.loc 1 127 1 is_stmt 0 view .LVU31
 240 0008 08BD     		pop	{r3, pc}
 241              	.L19:
 242 000a 00BF     		.align	2
 243              	.L18:
 244 000c 00000000 		.word	htim2
 245              		.cfi_endproc
 246              	.LFE153:
 248              		.section	.text.TIM3_IRQHandler,"ax",%progbits
 249              		.align	1
 250              		.global	TIM3_IRQHandler
 251              		.syntax unified
 252              		.thumb
 253              		.thumb_func
 255              	TIM3_IRQHandler:
 256              	.LFB154:
 128:../../../init/terminal/config/Src/stm32h7xx_it.c **** 
 129:../../../init/terminal/config/Src/stm32h7xx_it.c **** /**
 130:../../../init/terminal/config/Src/stm32h7xx_it.c ****   * @brief This function handles TIM3 global interrupt.
 131:../../../init/terminal/config/Src/stm32h7xx_it.c ****   */
 132:../../../init/terminal/config/Src/stm32h7xx_it.c **** void TIM3_IRQHandler(void)
 133:../../../init/terminal/config/Src/stm32h7xx_it.c **** {
 257              		.loc 1 133 1 is_stmt 1 view -0
 258              		.cfi_startproc
 259              		@ args = 0, pretend = 0, frame = 0
 260              		@ frame_needed = 0, uses_anonymous_args = 0
 261 0000 08B5     		push	{r3, lr}
 262              	.LCFI2:
 263              		.cfi_def_cfa_offset 8
 264              		.cfi_offset 3, -8
 265              		.cfi_offset 14, -4
 134:../../../init/terminal/config/Src/stm32h7xx_it.c ****   /* USER CODE BEGIN TIM3_IRQn 0 */
 135:../../../init/terminal/config/Src/stm32h7xx_it.c **** 
 136:../../../init/terminal/config/Src/stm32h7xx_it.c ****   /* USER CODE END TIM3_IRQn 0 */
 137:../../../init/terminal/config/Src/stm32h7xx_it.c ****   HAL_TIM_IRQHandler(&htim3);
 266              		.loc 1 137 3 view .LVU33
 267 0002 0248     		ldr	r0, .L22
 268 0004 FFF7FEFF 		bl	HAL_TIM_IRQHandler
 269              	.LVL2:
 138:../../../init/terminal/config/Src/stm32h7xx_it.c ****   /* USER CODE BEGIN TIM3_IRQn 1 */
 139:../../../init/terminal/config/Src/stm32h7xx_it.c **** 
 140:../../../init/terminal/config/Src/stm32h7xx_it.c ****   /* USER CODE END TIM3_IRQn 1 */
 141:../../../init/terminal/config/Src/stm32h7xx_it.c **** }
 270              		.loc 1 141 1 is_stmt 0 view .LVU34
 271 0008 08BD     		pop	{r3, pc}
 272              	.L23:
 273 000a 00BF     		.align	2
 274              	.L22:
ARM GAS  /tmp/cc3MS7KQ.s 			page 8


 275 000c 00000000 		.word	htim3
 276              		.cfi_endproc
 277              	.LFE154:
 279              		.text
 280              	.Letext0:
 281              		.file 2 "/usr/lib/gcc/arm-none-eabi/12.2.1/include/stdint.h"
 282              		.file 3 "../../../lib/Drivers/CMSIS/Device/ST/STM32H7xx/Include/stm32h750xx.h"
 283              		.file 4 "../../../lib/Drivers/STM32H7xx_HAL_Driver/Inc/stm32h7xx_hal_def.h"
 284              		.file 5 "../../../lib/Drivers/STM32H7xx_HAL_Driver/Inc/stm32h7xx_hal_dma.h"
 285              		.file 6 "../../../lib/Drivers/STM32H7xx_HAL_Driver/Inc/stm32h7xx_hal_tim.h"
 286              		.file 7 "../../../lib/Drivers/STM32H7xx_HAL_Driver/Inc/stm32h7xx_hal.h"
ARM GAS  /tmp/cc3MS7KQ.s 			page 9


DEFINED SYMBOLS
                            *ABS*:0000000000000000 stm32h7xx_it.c
     /tmp/cc3MS7KQ.s:20     .text.NMI_Handler:0000000000000000 $t
     /tmp/cc3MS7KQ.s:26     .text.NMI_Handler:0000000000000000 NMI_Handler
     /tmp/cc3MS7KQ.s:43     .text.HardFault_Handler:0000000000000000 $t
     /tmp/cc3MS7KQ.s:49     .text.HardFault_Handler:0000000000000000 HardFault_Handler
     /tmp/cc3MS7KQ.s:66     .text.MemManage_Handler:0000000000000000 $t
     /tmp/cc3MS7KQ.s:72     .text.MemManage_Handler:0000000000000000 MemManage_Handler
     /tmp/cc3MS7KQ.s:89     .text.BusFault_Handler:0000000000000000 $t
     /tmp/cc3MS7KQ.s:95     .text.BusFault_Handler:0000000000000000 BusFault_Handler
     /tmp/cc3MS7KQ.s:112    .text.UsageFault_Handler:0000000000000000 $t
     /tmp/cc3MS7KQ.s:118    .text.UsageFault_Handler:0000000000000000 UsageFault_Handler
     /tmp/cc3MS7KQ.s:135    .text.SVC_Handler:0000000000000000 $t
     /tmp/cc3MS7KQ.s:141    .text.SVC_Handler:0000000000000000 SVC_Handler
     /tmp/cc3MS7KQ.s:154    .text.DebugMon_Handler:0000000000000000 $t
     /tmp/cc3MS7KQ.s:160    .text.DebugMon_Handler:0000000000000000 DebugMon_Handler
     /tmp/cc3MS7KQ.s:173    .text.PendSV_Handler:0000000000000000 $t
     /tmp/cc3MS7KQ.s:179    .text.PendSV_Handler:0000000000000000 PendSV_Handler
     /tmp/cc3MS7KQ.s:192    .text.SysTick_Handler:0000000000000000 $t
     /tmp/cc3MS7KQ.s:198    .text.SysTick_Handler:0000000000000000 SysTick_Handler
     /tmp/cc3MS7KQ.s:218    .text.TIM2_IRQHandler:0000000000000000 $t
     /tmp/cc3MS7KQ.s:224    .text.TIM2_IRQHandler:0000000000000000 TIM2_IRQHandler
     /tmp/cc3MS7KQ.s:244    .text.TIM2_IRQHandler:000000000000000c $d
     /tmp/cc3MS7KQ.s:249    .text.TIM3_IRQHandler:0000000000000000 $t
     /tmp/cc3MS7KQ.s:255    .text.TIM3_IRQHandler:0000000000000000 TIM3_IRQHandler
     /tmp/cc3MS7KQ.s:275    .text.TIM3_IRQHandler:000000000000000c $d

UNDEFINED SYMBOLS
HAL_IncTick
HAL_TIM_IRQHandler
htim2
htim3
