ARM GAS  C:\Users\tnguy\AppData\Local\Temp\ccLuLSIR.s 			page 1


   1              		.cpu cortex-m7
   2              		.arch armv7e-m
   3              		.fpu fpv5-d16
   4              		.eabi_attribute 28, 1
   5              		.eabi_attribute 20, 1
   6              		.eabi_attribute 21, 1
   7              		.eabi_attribute 23, 3
   8              		.eabi_attribute 24, 1
   9              		.eabi_attribute 25, 1
  10              		.eabi_attribute 26, 1
  11              		.eabi_attribute 30, 1
  12              		.eabi_attribute 34, 1
  13              		.eabi_attribute 18, 4
  14              		.file	"fatfs.c"
  15              		.text
  16              	.Ltext0:
  17              		.cfi_sections	.debug_frame
  18              		.section	.text.MX_FATFS_Init,"ax",%progbits
  19              		.align	1
  20              		.global	MX_FATFS_Init
  21              		.syntax unified
  22              		.thumb
  23              		.thumb_func
  25              	MX_FATFS_Init:
  26              	.LFB144:
  27              		.file 1 "../../../lib/FATFS/App/fatfs.c"
   1:../../../lib/FATFS/App/fatfs.c **** /* USER CODE BEGIN Header */
   2:../../../lib/FATFS/App/fatfs.c **** /**
   3:../../../lib/FATFS/App/fatfs.c ****   ******************************************************************************
   4:../../../lib/FATFS/App/fatfs.c ****   * @file   fatfs.c
   5:../../../lib/FATFS/App/fatfs.c ****   * @brief  Code for fatfs applications
   6:../../../lib/FATFS/App/fatfs.c ****   ******************************************************************************
   7:../../../lib/FATFS/App/fatfs.c ****   * @attention
   8:../../../lib/FATFS/App/fatfs.c ****   *
   9:../../../lib/FATFS/App/fatfs.c ****   * Copyright (c) 2022 STMicroelectronics.
  10:../../../lib/FATFS/App/fatfs.c ****   * All rights reserved.
  11:../../../lib/FATFS/App/fatfs.c ****   *
  12:../../../lib/FATFS/App/fatfs.c ****   * This software is licensed under terms that can be found in the LICENSE file
  13:../../../lib/FATFS/App/fatfs.c ****   * in the root directory of this software component.
  14:../../../lib/FATFS/App/fatfs.c ****   * If no LICENSE file comes with this software, it is provided AS-IS.
  15:../../../lib/FATFS/App/fatfs.c ****   *
  16:../../../lib/FATFS/App/fatfs.c ****   ******************************************************************************
  17:../../../lib/FATFS/App/fatfs.c ****   */
  18:../../../lib/FATFS/App/fatfs.c **** /* USER CODE END Header */
  19:../../../lib/FATFS/App/fatfs.c **** #include "fatfs.h"
  20:../../../lib/FATFS/App/fatfs.c **** 
  21:../../../lib/FATFS/App/fatfs.c **** uint8_t retSD;    /* Return value for SD */
  22:../../../lib/FATFS/App/fatfs.c **** char SDPath[4];   /* SD logical drive path */
  23:../../../lib/FATFS/App/fatfs.c **** FATFS SDFatFS;    /* File system object for SD logical drive */
  24:../../../lib/FATFS/App/fatfs.c **** FIL SDFile;       /* File object for SD */
  25:../../../lib/FATFS/App/fatfs.c **** 
  26:../../../lib/FATFS/App/fatfs.c **** /* USER CODE BEGIN Variables */
  27:../../../lib/FATFS/App/fatfs.c **** 
  28:../../../lib/FATFS/App/fatfs.c **** /* USER CODE END Variables */
  29:../../../lib/FATFS/App/fatfs.c **** 
  30:../../../lib/FATFS/App/fatfs.c **** void MX_FATFS_Init(void)
  31:../../../lib/FATFS/App/fatfs.c **** {
ARM GAS  C:\Users\tnguy\AppData\Local\Temp\ccLuLSIR.s 			page 2


  28              		.loc 1 31 1 view -0
  29              		.cfi_startproc
  30              		@ args = 0, pretend = 0, frame = 0
  31              		@ frame_needed = 0, uses_anonymous_args = 0
  32 0000 08B5     		push	{r3, lr}
  33              	.LCFI0:
  34              		.cfi_def_cfa_offset 8
  35              		.cfi_offset 3, -8
  36              		.cfi_offset 14, -4
  32:../../../lib/FATFS/App/fatfs.c ****   /*## FatFS: Link the SD driver ###########################*/
  33:../../../lib/FATFS/App/fatfs.c ****   retSD = FATFS_LinkDriver(&SD_Driver, SDPath);
  37              		.loc 1 33 3 view .LVU1
  38              		.loc 1 33 11 is_stmt 0 view .LVU2
  39 0002 0349     		ldr	r1, .L3
  40 0004 0348     		ldr	r0, .L3+4
  41 0006 FFF7FEFF 		bl	FATFS_LinkDriver
  42              	.LVL0:
  43              		.loc 1 33 9 view .LVU3
  44 000a 034B     		ldr	r3, .L3+8
  45 000c 1870     		strb	r0, [r3]
  34:../../../lib/FATFS/App/fatfs.c **** 
  35:../../../lib/FATFS/App/fatfs.c ****   /* USER CODE BEGIN Init */
  36:../../../lib/FATFS/App/fatfs.c ****   /* additional user code for init */
  37:../../../lib/FATFS/App/fatfs.c ****   /* USER CODE END Init */
  38:../../../lib/FATFS/App/fatfs.c **** }
  46              		.loc 1 38 1 view .LVU4
  47 000e 08BD     		pop	{r3, pc}
  48              	.L4:
  49              		.align	2
  50              	.L3:
  51 0010 00000000 		.word	.LANCHOR0
  52 0014 00000000 		.word	SD_Driver
  53 0018 00000000 		.word	.LANCHOR1
  54              		.cfi_endproc
  55              	.LFE144:
  57              		.section	.text.get_fattime,"ax",%progbits
  58              		.align	1
  59              		.global	get_fattime
  60              		.syntax unified
  61              		.thumb
  62              		.thumb_func
  64              	get_fattime:
  65              	.LFB145:
  39:../../../lib/FATFS/App/fatfs.c **** 
  40:../../../lib/FATFS/App/fatfs.c **** /**
  41:../../../lib/FATFS/App/fatfs.c ****   * @brief  Gets Time from RTC
  42:../../../lib/FATFS/App/fatfs.c ****   * @param  None
  43:../../../lib/FATFS/App/fatfs.c ****   * @retval Time in DWORD
  44:../../../lib/FATFS/App/fatfs.c ****   */
  45:../../../lib/FATFS/App/fatfs.c **** DWORD get_fattime(void)
  46:../../../lib/FATFS/App/fatfs.c **** {
  66              		.loc 1 46 1 is_stmt 1 view -0
  67              		.cfi_startproc
  68              		@ args = 0, pretend = 0, frame = 0
  69              		@ frame_needed = 0, uses_anonymous_args = 0
  70              		@ link register save eliminated.
  47:../../../lib/FATFS/App/fatfs.c ****   /* USER CODE BEGIN get_fattime */
ARM GAS  C:\Users\tnguy\AppData\Local\Temp\ccLuLSIR.s 			page 3


  48:../../../lib/FATFS/App/fatfs.c ****   return 0;
  71              		.loc 1 48 3 view .LVU6
  49:../../../lib/FATFS/App/fatfs.c ****   /* USER CODE END get_fattime */
  50:../../../lib/FATFS/App/fatfs.c **** }
  72              		.loc 1 50 1 is_stmt 0 view .LVU7
  73 0000 0020     		movs	r0, #0
  74 0002 7047     		bx	lr
  75              		.cfi_endproc
  76              	.LFE145:
  78              		.global	SDFile
  79              		.global	SDFatFS
  80              		.global	SDPath
  81              		.global	retSD
  82              		.section	.bss.SDFatFS,"aw",%nobits
  83              		.align	2
  86              	SDFatFS:
  87 0000 00000000 		.space	560
  87      00000000 
  87      00000000 
  87      00000000 
  87      00000000 
  88              		.section	.bss.SDFile,"aw",%nobits
  89              		.align	2
  92              	SDFile:
  93 0000 00000000 		.space	560
  93      00000000 
  93      00000000 
  93      00000000 
  93      00000000 
  94              		.section	.bss.SDPath,"aw",%nobits
  95              		.align	2
  96              		.set	.LANCHOR0,. + 0
  99              	SDPath:
 100 0000 00000000 		.space	4
 101              		.section	.bss.retSD,"aw",%nobits
 102              		.set	.LANCHOR1,. + 0
 105              	retSD:
 106 0000 00       		.space	1
 107              		.text
 108              	.Letext0:
 109              		.file 2 "../../../lib/Middlewares/Third_Party/FatFs/src/integer.h"
 110              		.file 3 "c:\\program files (x86)\\gnu arm embedded toolchain\\10 2021.10\\arm-none-eabi\\include\\
 111              		.file 4 "c:\\program files (x86)\\gnu arm embedded toolchain\\10 2021.10\\arm-none-eabi\\include\\
 112              		.file 5 "../../../lib/Middlewares/Third_Party/FatFs/src/ff.h"
 113              		.file 6 "../../../lib/Middlewares/Third_Party/FatFs/src/diskio.h"
 114              		.file 7 "../../../lib/Middlewares/Third_Party/FatFs/src/ff_gen_drv.h"
 115              		.file 8 "../../../lib/FATFS/Target/sd_diskio.h"
 116              		.file 9 "../../../lib/FATFS/App/fatfs.h"
ARM GAS  C:\Users\tnguy\AppData\Local\Temp\ccLuLSIR.s 			page 4


DEFINED SYMBOLS
                            *ABS*:00000000 fatfs.c
C:\Users\tnguy\AppData\Local\Temp\ccLuLSIR.s:19     .text.MX_FATFS_Init:00000000 $t
C:\Users\tnguy\AppData\Local\Temp\ccLuLSIR.s:25     .text.MX_FATFS_Init:00000000 MX_FATFS_Init
C:\Users\tnguy\AppData\Local\Temp\ccLuLSIR.s:51     .text.MX_FATFS_Init:00000010 $d
C:\Users\tnguy\AppData\Local\Temp\ccLuLSIR.s:58     .text.get_fattime:00000000 $t
C:\Users\tnguy\AppData\Local\Temp\ccLuLSIR.s:64     .text.get_fattime:00000000 get_fattime
C:\Users\tnguy\AppData\Local\Temp\ccLuLSIR.s:92     .bss.SDFile:00000000 SDFile
C:\Users\tnguy\AppData\Local\Temp\ccLuLSIR.s:86     .bss.SDFatFS:00000000 SDFatFS
C:\Users\tnguy\AppData\Local\Temp\ccLuLSIR.s:99     .bss.SDPath:00000000 SDPath
C:\Users\tnguy\AppData\Local\Temp\ccLuLSIR.s:105    .bss.retSD:00000000 retSD
C:\Users\tnguy\AppData\Local\Temp\ccLuLSIR.s:83     .bss.SDFatFS:00000000 $d
C:\Users\tnguy\AppData\Local\Temp\ccLuLSIR.s:89     .bss.SDFile:00000000 $d
C:\Users\tnguy\AppData\Local\Temp\ccLuLSIR.s:95     .bss.SDPath:00000000 $d
C:\Users\tnguy\AppData\Local\Temp\ccLuLSIR.s:106    .bss.retSD:00000000 $d

UNDEFINED SYMBOLS
FATFS_LinkDriver
SD_Driver
