ARM GAS  C:\Users\tnguy\AppData\Local\Temp\ccxV9ADI.s 			page 1


   1              		.cpu cortex-m7
   2              		.arch armv7e-m
   3              		.fpu fpv5-d16
   4              		.eabi_attribute 28, 1
   5              		.eabi_attribute 20, 1
   6              		.eabi_attribute 21, 1
   7              		.eabi_attribute 23, 3
   8              		.eabi_attribute 24, 1
   9              		.eabi_attribute 25, 1
  10              		.eabi_attribute 26, 1
  11              		.eabi_attribute 30, 1
  12              		.eabi_attribute 34, 1
  13              		.eabi_attribute 18, 4
  14              		.file	"stm32h7xx_hal_spi_ex.c"
  15              		.text
  16              	.Ltext0:
  17              		.cfi_sections	.debug_frame
  18              		.section	.text.HAL_SPIEx_FlushRxFifo,"ax",%progbits
  19              		.align	1
  20              		.global	HAL_SPIEx_FlushRxFifo
  21              		.syntax unified
  22              		.thumb
  23              		.thumb_func
  25              	HAL_SPIEx_FlushRxFifo:
  26              	.LVL0:
  27              	.LFB144:
  28              		.file 1 "../../../lib/Drivers/STM32H7xx_HAL_Driver/Src/stm32h7xx_hal_spi_ex.c"
   1:../../../lib/Drivers/STM32H7xx_HAL_Driver/Src/stm32h7xx_hal_spi_ex.c **** /**
   2:../../../lib/Drivers/STM32H7xx_HAL_Driver/Src/stm32h7xx_hal_spi_ex.c ****   ******************************************************************************
   3:../../../lib/Drivers/STM32H7xx_HAL_Driver/Src/stm32h7xx_hal_spi_ex.c ****   * @file    stm32h7xx_hal_spi_ex.c
   4:../../../lib/Drivers/STM32H7xx_HAL_Driver/Src/stm32h7xx_hal_spi_ex.c ****   * @author  MCD Application Team
   5:../../../lib/Drivers/STM32H7xx_HAL_Driver/Src/stm32h7xx_hal_spi_ex.c ****   * @brief   Extended SPI HAL module driver.
   6:../../../lib/Drivers/STM32H7xx_HAL_Driver/Src/stm32h7xx_hal_spi_ex.c ****   *          This file provides firmware functions to manage the following
   7:../../../lib/Drivers/STM32H7xx_HAL_Driver/Src/stm32h7xx_hal_spi_ex.c ****   *          SPI peripheral extended functionalities :
   8:../../../lib/Drivers/STM32H7xx_HAL_Driver/Src/stm32h7xx_hal_spi_ex.c ****   *           + IO operation functions
   9:../../../lib/Drivers/STM32H7xx_HAL_Driver/Src/stm32h7xx_hal_spi_ex.c ****   *           + Peripheral Control functions
  10:../../../lib/Drivers/STM32H7xx_HAL_Driver/Src/stm32h7xx_hal_spi_ex.c ****   *
  11:../../../lib/Drivers/STM32H7xx_HAL_Driver/Src/stm32h7xx_hal_spi_ex.c ****   ******************************************************************************
  12:../../../lib/Drivers/STM32H7xx_HAL_Driver/Src/stm32h7xx_hal_spi_ex.c ****   * @attention
  13:../../../lib/Drivers/STM32H7xx_HAL_Driver/Src/stm32h7xx_hal_spi_ex.c ****   *
  14:../../../lib/Drivers/STM32H7xx_HAL_Driver/Src/stm32h7xx_hal_spi_ex.c ****   * Copyright (c) 2017 STMicroelectronics.
  15:../../../lib/Drivers/STM32H7xx_HAL_Driver/Src/stm32h7xx_hal_spi_ex.c ****   * All rights reserved.
  16:../../../lib/Drivers/STM32H7xx_HAL_Driver/Src/stm32h7xx_hal_spi_ex.c ****   *
  17:../../../lib/Drivers/STM32H7xx_HAL_Driver/Src/stm32h7xx_hal_spi_ex.c ****   * This software is licensed under terms that can be found in the LICENSE file
  18:../../../lib/Drivers/STM32H7xx_HAL_Driver/Src/stm32h7xx_hal_spi_ex.c ****   * in the root directory of this software component.
  19:../../../lib/Drivers/STM32H7xx_HAL_Driver/Src/stm32h7xx_hal_spi_ex.c ****   * If no LICENSE file comes with this software, it is provided AS-IS.
  20:../../../lib/Drivers/STM32H7xx_HAL_Driver/Src/stm32h7xx_hal_spi_ex.c ****   *
  21:../../../lib/Drivers/STM32H7xx_HAL_Driver/Src/stm32h7xx_hal_spi_ex.c ****   ******************************************************************************
  22:../../../lib/Drivers/STM32H7xx_HAL_Driver/Src/stm32h7xx_hal_spi_ex.c ****   */
  23:../../../lib/Drivers/STM32H7xx_HAL_Driver/Src/stm32h7xx_hal_spi_ex.c **** 
  24:../../../lib/Drivers/STM32H7xx_HAL_Driver/Src/stm32h7xx_hal_spi_ex.c **** /* Includes ------------------------------------------------------------------*/
  25:../../../lib/Drivers/STM32H7xx_HAL_Driver/Src/stm32h7xx_hal_spi_ex.c **** #include "stm32h7xx_hal.h"
  26:../../../lib/Drivers/STM32H7xx_HAL_Driver/Src/stm32h7xx_hal_spi_ex.c **** 
  27:../../../lib/Drivers/STM32H7xx_HAL_Driver/Src/stm32h7xx_hal_spi_ex.c **** /** @addtogroup STM32H7xx_HAL_Driver
  28:../../../lib/Drivers/STM32H7xx_HAL_Driver/Src/stm32h7xx_hal_spi_ex.c ****   * @{
  29:../../../lib/Drivers/STM32H7xx_HAL_Driver/Src/stm32h7xx_hal_spi_ex.c ****   */
  30:../../../lib/Drivers/STM32H7xx_HAL_Driver/Src/stm32h7xx_hal_spi_ex.c **** 
ARM GAS  C:\Users\tnguy\AppData\Local\Temp\ccxV9ADI.s 			page 2


  31:../../../lib/Drivers/STM32H7xx_HAL_Driver/Src/stm32h7xx_hal_spi_ex.c **** /** @defgroup SPIEx SPIEx
  32:../../../lib/Drivers/STM32H7xx_HAL_Driver/Src/stm32h7xx_hal_spi_ex.c ****   * @brief SPI Extended HAL module driver
  33:../../../lib/Drivers/STM32H7xx_HAL_Driver/Src/stm32h7xx_hal_spi_ex.c ****   * @{
  34:../../../lib/Drivers/STM32H7xx_HAL_Driver/Src/stm32h7xx_hal_spi_ex.c ****   */
  35:../../../lib/Drivers/STM32H7xx_HAL_Driver/Src/stm32h7xx_hal_spi_ex.c **** #ifdef HAL_SPI_MODULE_ENABLED
  36:../../../lib/Drivers/STM32H7xx_HAL_Driver/Src/stm32h7xx_hal_spi_ex.c **** 
  37:../../../lib/Drivers/STM32H7xx_HAL_Driver/Src/stm32h7xx_hal_spi_ex.c **** /* Private typedef -----------------------------------------------------------*/
  38:../../../lib/Drivers/STM32H7xx_HAL_Driver/Src/stm32h7xx_hal_spi_ex.c **** /* Private defines -----------------------------------------------------------*/
  39:../../../lib/Drivers/STM32H7xx_HAL_Driver/Src/stm32h7xx_hal_spi_ex.c **** /* Private macros ------------------------------------------------------------*/
  40:../../../lib/Drivers/STM32H7xx_HAL_Driver/Src/stm32h7xx_hal_spi_ex.c **** /* Private variables ---------------------------------------------------------*/
  41:../../../lib/Drivers/STM32H7xx_HAL_Driver/Src/stm32h7xx_hal_spi_ex.c **** /* Private function prototypes -----------------------------------------------*/
  42:../../../lib/Drivers/STM32H7xx_HAL_Driver/Src/stm32h7xx_hal_spi_ex.c **** /* Exported functions --------------------------------------------------------*/
  43:../../../lib/Drivers/STM32H7xx_HAL_Driver/Src/stm32h7xx_hal_spi_ex.c **** 
  44:../../../lib/Drivers/STM32H7xx_HAL_Driver/Src/stm32h7xx_hal_spi_ex.c **** /** @defgroup SPIEx_Exported_Functions SPIEx Exported Functions
  45:../../../lib/Drivers/STM32H7xx_HAL_Driver/Src/stm32h7xx_hal_spi_ex.c ****   * @{
  46:../../../lib/Drivers/STM32H7xx_HAL_Driver/Src/stm32h7xx_hal_spi_ex.c ****   */
  47:../../../lib/Drivers/STM32H7xx_HAL_Driver/Src/stm32h7xx_hal_spi_ex.c **** 
  48:../../../lib/Drivers/STM32H7xx_HAL_Driver/Src/stm32h7xx_hal_spi_ex.c **** /** @defgroup SPIEx_Exported_Functions_Group1 IO operation functions
  49:../../../lib/Drivers/STM32H7xx_HAL_Driver/Src/stm32h7xx_hal_spi_ex.c ****   *  @brief   Data transfers functions
  50:../../../lib/Drivers/STM32H7xx_HAL_Driver/Src/stm32h7xx_hal_spi_ex.c ****   *
  51:../../../lib/Drivers/STM32H7xx_HAL_Driver/Src/stm32h7xx_hal_spi_ex.c **** @verbatim
  52:../../../lib/Drivers/STM32H7xx_HAL_Driver/Src/stm32h7xx_hal_spi_ex.c ****   ==============================================================================
  53:../../../lib/Drivers/STM32H7xx_HAL_Driver/Src/stm32h7xx_hal_spi_ex.c ****                       ##### IO operation functions #####
  54:../../../lib/Drivers/STM32H7xx_HAL_Driver/Src/stm32h7xx_hal_spi_ex.c ****  ===============================================================================
  55:../../../lib/Drivers/STM32H7xx_HAL_Driver/Src/stm32h7xx_hal_spi_ex.c ****  [..]
  56:../../../lib/Drivers/STM32H7xx_HAL_Driver/Src/stm32h7xx_hal_spi_ex.c ****     This subsection provides a set of extended functions to manage the SPI
  57:../../../lib/Drivers/STM32H7xx_HAL_Driver/Src/stm32h7xx_hal_spi_ex.c ****     data transfers.
  58:../../../lib/Drivers/STM32H7xx_HAL_Driver/Src/stm32h7xx_hal_spi_ex.c **** 
  59:../../../lib/Drivers/STM32H7xx_HAL_Driver/Src/stm32h7xx_hal_spi_ex.c ****     (#) SPIEx function:
  60:../../../lib/Drivers/STM32H7xx_HAL_Driver/Src/stm32h7xx_hal_spi_ex.c ****         (++) HAL_SPIEx_FlushRxFifo()
  61:../../../lib/Drivers/STM32H7xx_HAL_Driver/Src/stm32h7xx_hal_spi_ex.c ****         (++) HAL_SPIEx_FlushRxFifo()
  62:../../../lib/Drivers/STM32H7xx_HAL_Driver/Src/stm32h7xx_hal_spi_ex.c ****         (++) HAL_SPIEx_EnableLockConfiguration()
  63:../../../lib/Drivers/STM32H7xx_HAL_Driver/Src/stm32h7xx_hal_spi_ex.c ****         (++) HAL_SPIEx_ConfigureUnderrun()
  64:../../../lib/Drivers/STM32H7xx_HAL_Driver/Src/stm32h7xx_hal_spi_ex.c **** 
  65:../../../lib/Drivers/STM32H7xx_HAL_Driver/Src/stm32h7xx_hal_spi_ex.c **** @endverbatim
  66:../../../lib/Drivers/STM32H7xx_HAL_Driver/Src/stm32h7xx_hal_spi_ex.c ****   * @{
  67:../../../lib/Drivers/STM32H7xx_HAL_Driver/Src/stm32h7xx_hal_spi_ex.c ****   */
  68:../../../lib/Drivers/STM32H7xx_HAL_Driver/Src/stm32h7xx_hal_spi_ex.c **** 
  69:../../../lib/Drivers/STM32H7xx_HAL_Driver/Src/stm32h7xx_hal_spi_ex.c **** /**
  70:../../../lib/Drivers/STM32H7xx_HAL_Driver/Src/stm32h7xx_hal_spi_ex.c ****   * @brief Flush the RX fifo.
  71:../../../lib/Drivers/STM32H7xx_HAL_Driver/Src/stm32h7xx_hal_spi_ex.c ****   * @param  hspi: pointer to a SPI_HandleTypeDef structure that contains
  72:../../../lib/Drivers/STM32H7xx_HAL_Driver/Src/stm32h7xx_hal_spi_ex.c ****   *               the configuration information for the specified SPI module.
  73:../../../lib/Drivers/STM32H7xx_HAL_Driver/Src/stm32h7xx_hal_spi_ex.c ****   * @retval HAL status
  74:../../../lib/Drivers/STM32H7xx_HAL_Driver/Src/stm32h7xx_hal_spi_ex.c ****   */
  75:../../../lib/Drivers/STM32H7xx_HAL_Driver/Src/stm32h7xx_hal_spi_ex.c **** HAL_StatusTypeDef HAL_SPIEx_FlushRxFifo(SPI_HandleTypeDef *hspi)
  76:../../../lib/Drivers/STM32H7xx_HAL_Driver/Src/stm32h7xx_hal_spi_ex.c **** {
  29              		.loc 1 76 1 view -0
  30              		.cfi_startproc
  31              		@ args = 0, pretend = 0, frame = 8
  32              		@ frame_needed = 0, uses_anonymous_args = 0
  33              		@ link register save eliminated.
  34              		.loc 1 76 1 is_stmt 0 view .LVU1
  35 0000 10B4     		push	{r4}
  36              	.LCFI0:
  37              		.cfi_def_cfa_offset 4
  38              		.cfi_offset 4, -4
  39 0002 83B0     		sub	sp, sp, #12
ARM GAS  C:\Users\tnguy\AppData\Local\Temp\ccxV9ADI.s 			page 3


  40              	.LCFI1:
  41              		.cfi_def_cfa_offset 16
  77:../../../lib/Drivers/STM32H7xx_HAL_Driver/Src/stm32h7xx_hal_spi_ex.c ****   uint8_t  count  = 0;
  42              		.loc 1 77 3 is_stmt 1 view .LVU2
  43              	.LVL1:
  78:../../../lib/Drivers/STM32H7xx_HAL_Driver/Src/stm32h7xx_hal_spi_ex.c ****   uint32_t itflag = hspi->Instance->SR;
  44              		.loc 1 78 3 view .LVU3
  45              		.loc 1 78 25 is_stmt 0 view .LVU4
  46 0004 0268     		ldr	r2, [r0]
  47              		.loc 1 78 12 view .LVU5
  48 0006 5469     		ldr	r4, [r2, #20]
  49              	.LVL2:
  79:../../../lib/Drivers/STM32H7xx_HAL_Driver/Src/stm32h7xx_hal_spi_ex.c ****   __IO uint32_t tmpreg;
  50              		.loc 1 79 3 is_stmt 1 view .LVU6
  80:../../../lib/Drivers/STM32H7xx_HAL_Driver/Src/stm32h7xx_hal_spi_ex.c **** 
  81:../../../lib/Drivers/STM32H7xx_HAL_Driver/Src/stm32h7xx_hal_spi_ex.c ****   while (((hspi->Instance->SR & SPI_FLAG_FRLVL) !=  SPI_RX_FIFO_0PACKET) || ((itflag & SPI_FLAG_RXW
  51              		.loc 1 81 3 view .LVU7
  77:../../../lib/Drivers/STM32H7xx_HAL_Driver/Src/stm32h7xx_hal_spi_ex.c ****   uint32_t itflag = hspi->Instance->SR;
  52              		.loc 1 77 12 is_stmt 0 view .LVU8
  53 0008 0023     		movs	r3, #0
  54              		.loc 1 81 9 view .LVU9
  55 000a 01E0     		b	.L2
  56              	.LVL3:
  57              	.L3:
  82:../../../lib/Drivers/STM32H7xx_HAL_Driver/Src/stm32h7xx_hal_spi_ex.c ****   {
  83:../../../lib/Drivers/STM32H7xx_HAL_Driver/Src/stm32h7xx_hal_spi_ex.c ****     count += (uint8_t)4UL;
  84:../../../lib/Drivers/STM32H7xx_HAL_Driver/Src/stm32h7xx_hal_spi_ex.c ****     tmpreg = hspi->Instance->RXDR;
  85:../../../lib/Drivers/STM32H7xx_HAL_Driver/Src/stm32h7xx_hal_spi_ex.c ****     UNUSED(tmpreg); /* To avoid GCC warning */
  86:../../../lib/Drivers/STM32H7xx_HAL_Driver/Src/stm32h7xx_hal_spi_ex.c **** 
  87:../../../lib/Drivers/STM32H7xx_HAL_Driver/Src/stm32h7xx_hal_spi_ex.c ****     if (IS_SPI_HIGHEND_INSTANCE(hspi->Instance))
  88:../../../lib/Drivers/STM32H7xx_HAL_Driver/Src/stm32h7xx_hal_spi_ex.c ****     {
  89:../../../lib/Drivers/STM32H7xx_HAL_Driver/Src/stm32h7xx_hal_spi_ex.c ****       if (count > SPI_HIGHEND_FIFO_SIZE)
  58              		.loc 1 89 7 is_stmt 1 view .LVU10
  59              		.loc 1 89 10 is_stmt 0 view .LVU11
  60 000c 102B     		cmp	r3, #16
  61 000e 1BD8     		bhi	.L10
  62              	.LVL4:
  63              	.L2:
  81:../../../lib/Drivers/STM32H7xx_HAL_Driver/Src/stm32h7xx_hal_spi_ex.c ****   {
  64              		.loc 1 81 9 is_stmt 1 view .LVU12
  81:../../../lib/Drivers/STM32H7xx_HAL_Driver/Src/stm32h7xx_hal_spi_ex.c ****   {
  65              		.loc 1 81 26 is_stmt 0 view .LVU13
  66 0010 5169     		ldr	r1, [r2, #20]
  81:../../../lib/Drivers/STM32H7xx_HAL_Driver/Src/stm32h7xx_hal_spi_ex.c ****   {
  67              		.loc 1 81 9 view .LVU14
  68 0012 11F4C04F 		tst	r1, #24576
  69 0016 02D1     		bne	.L6
  81:../../../lib/Drivers/STM32H7xx_HAL_Driver/Src/stm32h7xx_hal_spi_ex.c ****   {
  70              		.loc 1 81 74 discriminator 1 view .LVU15
  71 0018 14F4004F 		tst	r4, #32768
  72 001c 12D0     		beq	.L11
  73              	.L6:
  83:../../../lib/Drivers/STM32H7xx_HAL_Driver/Src/stm32h7xx_hal_spi_ex.c ****     tmpreg = hspi->Instance->RXDR;
  74              		.loc 1 83 5 is_stmt 1 view .LVU16
  83:../../../lib/Drivers/STM32H7xx_HAL_Driver/Src/stm32h7xx_hal_spi_ex.c ****     tmpreg = hspi->Instance->RXDR;
  75              		.loc 1 83 11 is_stmt 0 view .LVU17
  76 001e 0433     		adds	r3, r3, #4
ARM GAS  C:\Users\tnguy\AppData\Local\Temp\ccxV9ADI.s 			page 4


  77              	.LVL5:
  83:../../../lib/Drivers/STM32H7xx_HAL_Driver/Src/stm32h7xx_hal_spi_ex.c ****     tmpreg = hspi->Instance->RXDR;
  78              		.loc 1 83 11 view .LVU18
  79 0020 DBB2     		uxtb	r3, r3
  80              	.LVL6:
  84:../../../lib/Drivers/STM32H7xx_HAL_Driver/Src/stm32h7xx_hal_spi_ex.c ****     UNUSED(tmpreg); /* To avoid GCC warning */
  81              		.loc 1 84 5 is_stmt 1 view .LVU19
  84:../../../lib/Drivers/STM32H7xx_HAL_Driver/Src/stm32h7xx_hal_spi_ex.c ****     UNUSED(tmpreg); /* To avoid GCC warning */
  82              		.loc 1 84 28 is_stmt 0 view .LVU20
  83 0022 116B     		ldr	r1, [r2, #48]
  84:../../../lib/Drivers/STM32H7xx_HAL_Driver/Src/stm32h7xx_hal_spi_ex.c ****     UNUSED(tmpreg); /* To avoid GCC warning */
  84              		.loc 1 84 12 view .LVU21
  85 0024 0191     		str	r1, [sp, #4]
  85:../../../lib/Drivers/STM32H7xx_HAL_Driver/Src/stm32h7xx_hal_spi_ex.c **** 
  86              		.loc 1 85 5 is_stmt 1 view .LVU22
  87 0026 0199     		ldr	r1, [sp, #4]
  87:../../../lib/Drivers/STM32H7xx_HAL_Driver/Src/stm32h7xx_hal_spi_ex.c ****     {
  88              		.loc 1 87 5 view .LVU23
  87:../../../lib/Drivers/STM32H7xx_HAL_Driver/Src/stm32h7xx_hal_spi_ex.c ****     {
  89              		.loc 1 87 8 is_stmt 0 view .LVU24
  90 0028 0A48     		ldr	r0, .L12
  91 002a 0B49     		ldr	r1, .L12+4
  92 002c 8A42     		cmp	r2, r1
  93 002e 18BF     		it	ne
  94 0030 8242     		cmpne	r2, r0
  95 0032 EBD0     		beq	.L3
  87:../../../lib/Drivers/STM32H7xx_HAL_Driver/Src/stm32h7xx_hal_spi_ex.c ****     {
  96              		.loc 1 87 9 discriminator 1 view .LVU25
  97 0034 01F58061 		add	r1, r1, #1024
  98 0038 8A42     		cmp	r2, r1
  99 003a E7D0     		beq	.L3
  90:../../../lib/Drivers/STM32H7xx_HAL_Driver/Src/stm32h7xx_hal_spi_ex.c ****       {
  91:../../../lib/Drivers/STM32H7xx_HAL_Driver/Src/stm32h7xx_hal_spi_ex.c ****         return HAL_TIMEOUT;
  92:../../../lib/Drivers/STM32H7xx_HAL_Driver/Src/stm32h7xx_hal_spi_ex.c ****       }
  93:../../../lib/Drivers/STM32H7xx_HAL_Driver/Src/stm32h7xx_hal_spi_ex.c ****     }
  94:../../../lib/Drivers/STM32H7xx_HAL_Driver/Src/stm32h7xx_hal_spi_ex.c ****     else
  95:../../../lib/Drivers/STM32H7xx_HAL_Driver/Src/stm32h7xx_hal_spi_ex.c ****     {
  96:../../../lib/Drivers/STM32H7xx_HAL_Driver/Src/stm32h7xx_hal_spi_ex.c ****       if (count > SPI_LOWEND_FIFO_SIZE)
 100              		.loc 1 96 7 is_stmt 1 view .LVU26
 101              		.loc 1 96 10 is_stmt 0 view .LVU27
 102 003c 082B     		cmp	r3, #8
 103 003e E7D9     		bls	.L2
  97:../../../lib/Drivers/STM32H7xx_HAL_Driver/Src/stm32h7xx_hal_spi_ex.c ****       {
  98:../../../lib/Drivers/STM32H7xx_HAL_Driver/Src/stm32h7xx_hal_spi_ex.c ****         return HAL_TIMEOUT;
 104              		.loc 1 98 16 view .LVU28
 105 0040 0320     		movs	r0, #3
 106 0042 02E0     		b	.L5
 107              	.L11:
  99:../../../lib/Drivers/STM32H7xx_HAL_Driver/Src/stm32h7xx_hal_spi_ex.c ****       }
 100:../../../lib/Drivers/STM32H7xx_HAL_Driver/Src/stm32h7xx_hal_spi_ex.c ****     }
 101:../../../lib/Drivers/STM32H7xx_HAL_Driver/Src/stm32h7xx_hal_spi_ex.c ****   }
 102:../../../lib/Drivers/STM32H7xx_HAL_Driver/Src/stm32h7xx_hal_spi_ex.c ****   return HAL_OK;
 108              		.loc 1 102 10 view .LVU29
 109 0044 0020     		movs	r0, #0
 110 0046 00E0     		b	.L5
 111              	.L10:
  91:../../../lib/Drivers/STM32H7xx_HAL_Driver/Src/stm32h7xx_hal_spi_ex.c ****       }
ARM GAS  C:\Users\tnguy\AppData\Local\Temp\ccxV9ADI.s 			page 5


 112              		.loc 1 91 16 view .LVU30
 113 0048 0320     		movs	r0, #3
 114              	.L5:
 103:../../../lib/Drivers/STM32H7xx_HAL_Driver/Src/stm32h7xx_hal_spi_ex.c **** }
 115              		.loc 1 103 1 view .LVU31
 116 004a 03B0     		add	sp, sp, #12
 117              	.LCFI2:
 118              		.cfi_def_cfa_offset 4
 119              		@ sp needed
 120 004c 5DF8044B 		ldr	r4, [sp], #4
 121              	.LCFI3:
 122              		.cfi_restore 4
 123              		.cfi_def_cfa_offset 0
 124              	.LVL7:
 125              		.loc 1 103 1 view .LVU32
 126 0050 7047     		bx	lr
 127              	.L13:
 128 0052 00BF     		.align	2
 129              	.L12:
 130 0054 00300140 		.word	1073819648
 131 0058 00380040 		.word	1073756160
 132              		.cfi_endproc
 133              	.LFE144:
 135              		.section	.text.HAL_SPIEx_EnableLockConfiguration,"ax",%progbits
 136              		.align	1
 137              		.global	HAL_SPIEx_EnableLockConfiguration
 138              		.syntax unified
 139              		.thumb
 140              		.thumb_func
 142              	HAL_SPIEx_EnableLockConfiguration:
 143              	.LVL8:
 144              	.LFB145:
 104:../../../lib/Drivers/STM32H7xx_HAL_Driver/Src/stm32h7xx_hal_spi_ex.c **** 
 105:../../../lib/Drivers/STM32H7xx_HAL_Driver/Src/stm32h7xx_hal_spi_ex.c **** 
 106:../../../lib/Drivers/STM32H7xx_HAL_Driver/Src/stm32h7xx_hal_spi_ex.c **** /**
 107:../../../lib/Drivers/STM32H7xx_HAL_Driver/Src/stm32h7xx_hal_spi_ex.c ****   * @brief  Enable the Lock for the AF configuration of associated IOs
 108:../../../lib/Drivers/STM32H7xx_HAL_Driver/Src/stm32h7xx_hal_spi_ex.c ****   *         and write protect the Content of Configuration register 2
 109:../../../lib/Drivers/STM32H7xx_HAL_Driver/Src/stm32h7xx_hal_spi_ex.c ****   *         when SPI is enabled
 110:../../../lib/Drivers/STM32H7xx_HAL_Driver/Src/stm32h7xx_hal_spi_ex.c ****   * @param  hspi: pointer to a SPI_HandleTypeDef structure that contains
 111:../../../lib/Drivers/STM32H7xx_HAL_Driver/Src/stm32h7xx_hal_spi_ex.c ****   *               the configuration information for SPI module.
 112:../../../lib/Drivers/STM32H7xx_HAL_Driver/Src/stm32h7xx_hal_spi_ex.c ****   * @retval None
 113:../../../lib/Drivers/STM32H7xx_HAL_Driver/Src/stm32h7xx_hal_spi_ex.c ****   */
 114:../../../lib/Drivers/STM32H7xx_HAL_Driver/Src/stm32h7xx_hal_spi_ex.c **** HAL_StatusTypeDef HAL_SPIEx_EnableLockConfiguration(SPI_HandleTypeDef *hspi)
 115:../../../lib/Drivers/STM32H7xx_HAL_Driver/Src/stm32h7xx_hal_spi_ex.c **** {
 145              		.loc 1 115 1 is_stmt 1 view -0
 146              		.cfi_startproc
 147              		@ args = 0, pretend = 0, frame = 0
 148              		@ frame_needed = 0, uses_anonymous_args = 0
 149              		@ link register save eliminated.
 116:../../../lib/Drivers/STM32H7xx_HAL_Driver/Src/stm32h7xx_hal_spi_ex.c ****   HAL_StatusTypeDef errorcode = HAL_OK;
 150              		.loc 1 116 3 view .LVU34
 117:../../../lib/Drivers/STM32H7xx_HAL_Driver/Src/stm32h7xx_hal_spi_ex.c **** 
 118:../../../lib/Drivers/STM32H7xx_HAL_Driver/Src/stm32h7xx_hal_spi_ex.c ****   /* Process Locked */
 119:../../../lib/Drivers/STM32H7xx_HAL_Driver/Src/stm32h7xx_hal_spi_ex.c ****   __HAL_LOCK(hspi);
 151              		.loc 1 119 3 view .LVU35
 152              		.loc 1 119 3 view .LVU36
 153 0000 90F88030 		ldrb	r3, [r0, #128]	@ zero_extendqisi2
ARM GAS  C:\Users\tnguy\AppData\Local\Temp\ccxV9ADI.s 			page 6


 154 0004 012B     		cmp	r3, #1
 155 0006 2FD0     		beq	.L19
 156              		.loc 1 119 3 discriminator 2 view .LVU37
 157 0008 0123     		movs	r3, #1
 158 000a 80F88030 		strb	r3, [r0, #128]
 159              		.loc 1 119 3 discriminator 2 view .LVU38
 120:../../../lib/Drivers/STM32H7xx_HAL_Driver/Src/stm32h7xx_hal_spi_ex.c **** 
 121:../../../lib/Drivers/STM32H7xx_HAL_Driver/Src/stm32h7xx_hal_spi_ex.c ****   if (hspi->State != HAL_SPI_STATE_READY)
 160              		.loc 1 121 3 discriminator 2 view .LVU39
 161              		.loc 1 121 11 is_stmt 0 discriminator 2 view .LVU40
 162 000e 90F88130 		ldrb	r3, [r0, #129]	@ zero_extendqisi2
 163 0012 DBB2     		uxtb	r3, r3
 164              		.loc 1 121 6 discriminator 2 view .LVU41
 165 0014 012B     		cmp	r3, #1
 166 0016 10D1     		bne	.L20
 122:../../../lib/Drivers/STM32H7xx_HAL_Driver/Src/stm32h7xx_hal_spi_ex.c ****   {
 123:../../../lib/Drivers/STM32H7xx_HAL_Driver/Src/stm32h7xx_hal_spi_ex.c ****     errorcode = HAL_BUSY;
 124:../../../lib/Drivers/STM32H7xx_HAL_Driver/Src/stm32h7xx_hal_spi_ex.c ****     hspi->State = HAL_SPI_STATE_READY;
 125:../../../lib/Drivers/STM32H7xx_HAL_Driver/Src/stm32h7xx_hal_spi_ex.c ****     /* Process Unlocked */
 126:../../../lib/Drivers/STM32H7xx_HAL_Driver/Src/stm32h7xx_hal_spi_ex.c ****     __HAL_UNLOCK(hspi);
 127:../../../lib/Drivers/STM32H7xx_HAL_Driver/Src/stm32h7xx_hal_spi_ex.c ****     return errorcode;
 128:../../../lib/Drivers/STM32H7xx_HAL_Driver/Src/stm32h7xx_hal_spi_ex.c ****   }
 129:../../../lib/Drivers/STM32H7xx_HAL_Driver/Src/stm32h7xx_hal_spi_ex.c **** 
 130:../../../lib/Drivers/STM32H7xx_HAL_Driver/Src/stm32h7xx_hal_spi_ex.c ****   /* Check if the SPI is disabled to edit IOLOCK bit */
 131:../../../lib/Drivers/STM32H7xx_HAL_Driver/Src/stm32h7xx_hal_spi_ex.c ****   if ((hspi->Instance->CR1 & SPI_CR1_SPE) != SPI_CR1_SPE)
 167              		.loc 1 131 3 is_stmt 1 view .LVU42
 168              		.loc 1 131 12 is_stmt 0 view .LVU43
 169 0018 0368     		ldr	r3, [r0]
 170              		.loc 1 131 22 view .LVU44
 171 001a 1A68     		ldr	r2, [r3]
 172              		.loc 1 131 6 view .LVU45
 173 001c 12F0010F 		tst	r2, #1
 174 0020 13D1     		bne	.L17
 132:../../../lib/Drivers/STM32H7xx_HAL_Driver/Src/stm32h7xx_hal_spi_ex.c ****   {
 133:../../../lib/Drivers/STM32H7xx_HAL_Driver/Src/stm32h7xx_hal_spi_ex.c ****     SET_BIT(hspi->Instance->CR1, SPI_CR1_IOLOCK);
 175              		.loc 1 133 5 is_stmt 1 view .LVU46
 176 0022 1A68     		ldr	r2, [r3]
 177 0024 42F48032 		orr	r2, r2, #65536
 178 0028 1A60     		str	r2, [r3]
 179              	.L18:
 134:../../../lib/Drivers/STM32H7xx_HAL_Driver/Src/stm32h7xx_hal_spi_ex.c ****   }
 135:../../../lib/Drivers/STM32H7xx_HAL_Driver/Src/stm32h7xx_hal_spi_ex.c ****   else
 136:../../../lib/Drivers/STM32H7xx_HAL_Driver/Src/stm32h7xx_hal_spi_ex.c ****   {
 137:../../../lib/Drivers/STM32H7xx_HAL_Driver/Src/stm32h7xx_hal_spi_ex.c ****     /* Disable SPI peripheral */
 138:../../../lib/Drivers/STM32H7xx_HAL_Driver/Src/stm32h7xx_hal_spi_ex.c ****     __HAL_SPI_DISABLE(hspi);
 139:../../../lib/Drivers/STM32H7xx_HAL_Driver/Src/stm32h7xx_hal_spi_ex.c **** 
 140:../../../lib/Drivers/STM32H7xx_HAL_Driver/Src/stm32h7xx_hal_spi_ex.c ****     SET_BIT(hspi->Instance->CR1, SPI_CR1_IOLOCK);
 141:../../../lib/Drivers/STM32H7xx_HAL_Driver/Src/stm32h7xx_hal_spi_ex.c **** 
 142:../../../lib/Drivers/STM32H7xx_HAL_Driver/Src/stm32h7xx_hal_spi_ex.c ****     /* Enable SPI peripheral */
 143:../../../lib/Drivers/STM32H7xx_HAL_Driver/Src/stm32h7xx_hal_spi_ex.c ****     __HAL_SPI_ENABLE(hspi);
 144:../../../lib/Drivers/STM32H7xx_HAL_Driver/Src/stm32h7xx_hal_spi_ex.c ****   }
 145:../../../lib/Drivers/STM32H7xx_HAL_Driver/Src/stm32h7xx_hal_spi_ex.c **** 
 146:../../../lib/Drivers/STM32H7xx_HAL_Driver/Src/stm32h7xx_hal_spi_ex.c ****   hspi->State = HAL_SPI_STATE_READY;
 180              		.loc 1 146 3 view .LVU47
 181              		.loc 1 146 15 is_stmt 0 view .LVU48
 182 002a 0123     		movs	r3, #1
 183 002c 80F88130 		strb	r3, [r0, #129]
ARM GAS  C:\Users\tnguy\AppData\Local\Temp\ccxV9ADI.s 			page 7


 147:../../../lib/Drivers/STM32H7xx_HAL_Driver/Src/stm32h7xx_hal_spi_ex.c ****   /* Process Unlocked */
 148:../../../lib/Drivers/STM32H7xx_HAL_Driver/Src/stm32h7xx_hal_spi_ex.c ****   __HAL_UNLOCK(hspi);
 184              		.loc 1 148 3 is_stmt 1 view .LVU49
 185              		.loc 1 148 3 view .LVU50
 186 0030 0023     		movs	r3, #0
 187 0032 80F88030 		strb	r3, [r0, #128]
 188              		.loc 1 148 3 view .LVU51
 149:../../../lib/Drivers/STM32H7xx_HAL_Driver/Src/stm32h7xx_hal_spi_ex.c ****   return errorcode;
 189              		.loc 1 149 3 view .LVU52
 190              		.loc 1 149 10 is_stmt 0 view .LVU53
 191 0036 1846     		mov	r0, r3
 192              	.LVL9:
 193              		.loc 1 149 10 view .LVU54
 194 0038 7047     		bx	lr
 195              	.LVL10:
 196              	.L20:
 123:../../../lib/Drivers/STM32H7xx_HAL_Driver/Src/stm32h7xx_hal_spi_ex.c ****     hspi->State = HAL_SPI_STATE_READY;
 197              		.loc 1 123 5 is_stmt 1 view .LVU55
 124:../../../lib/Drivers/STM32H7xx_HAL_Driver/Src/stm32h7xx_hal_spi_ex.c ****     /* Process Unlocked */
 198              		.loc 1 124 5 view .LVU56
 124:../../../lib/Drivers/STM32H7xx_HAL_Driver/Src/stm32h7xx_hal_spi_ex.c ****     /* Process Unlocked */
 199              		.loc 1 124 17 is_stmt 0 view .LVU57
 200 003a 0123     		movs	r3, #1
 201 003c 80F88130 		strb	r3, [r0, #129]
 126:../../../lib/Drivers/STM32H7xx_HAL_Driver/Src/stm32h7xx_hal_spi_ex.c ****     return errorcode;
 202              		.loc 1 126 5 is_stmt 1 view .LVU58
 126:../../../lib/Drivers/STM32H7xx_HAL_Driver/Src/stm32h7xx_hal_spi_ex.c ****     return errorcode;
 203              		.loc 1 126 5 view .LVU59
 204 0040 0023     		movs	r3, #0
 205 0042 80F88030 		strb	r3, [r0, #128]
 126:../../../lib/Drivers/STM32H7xx_HAL_Driver/Src/stm32h7xx_hal_spi_ex.c ****     return errorcode;
 206              		.loc 1 126 5 view .LVU60
 127:../../../lib/Drivers/STM32H7xx_HAL_Driver/Src/stm32h7xx_hal_spi_ex.c ****   }
 207              		.loc 1 127 5 view .LVU61
 127:../../../lib/Drivers/STM32H7xx_HAL_Driver/Src/stm32h7xx_hal_spi_ex.c ****   }
 208              		.loc 1 127 12 is_stmt 0 view .LVU62
 209 0046 0220     		movs	r0, #2
 210              	.LVL11:
 127:../../../lib/Drivers/STM32H7xx_HAL_Driver/Src/stm32h7xx_hal_spi_ex.c ****   }
 211              		.loc 1 127 12 view .LVU63
 212 0048 7047     		bx	lr
 213              	.LVL12:
 214              	.L17:
 138:../../../lib/Drivers/STM32H7xx_HAL_Driver/Src/stm32h7xx_hal_spi_ex.c **** 
 215              		.loc 1 138 5 is_stmt 1 view .LVU64
 216 004a 1A68     		ldr	r2, [r3]
 217 004c 22F00102 		bic	r2, r2, #1
 218 0050 1A60     		str	r2, [r3]
 140:../../../lib/Drivers/STM32H7xx_HAL_Driver/Src/stm32h7xx_hal_spi_ex.c **** 
 219              		.loc 1 140 5 view .LVU65
 220 0052 0268     		ldr	r2, [r0]
 221 0054 1368     		ldr	r3, [r2]
 222 0056 43F48033 		orr	r3, r3, #65536
 223 005a 1360     		str	r3, [r2]
 143:../../../lib/Drivers/STM32H7xx_HAL_Driver/Src/stm32h7xx_hal_spi_ex.c ****   }
 224              		.loc 1 143 5 view .LVU66
 225 005c 0268     		ldr	r2, [r0]
ARM GAS  C:\Users\tnguy\AppData\Local\Temp\ccxV9ADI.s 			page 8


 226 005e 1368     		ldr	r3, [r2]
 227 0060 43F00103 		orr	r3, r3, #1
 228 0064 1360     		str	r3, [r2]
 229 0066 E0E7     		b	.L18
 230              	.L19:
 119:../../../lib/Drivers/STM32H7xx_HAL_Driver/Src/stm32h7xx_hal_spi_ex.c **** 
 231              		.loc 1 119 3 is_stmt 0 view .LVU67
 232 0068 0220     		movs	r0, #2
 233              	.LVL13:
 150:../../../lib/Drivers/STM32H7xx_HAL_Driver/Src/stm32h7xx_hal_spi_ex.c **** }
 234              		.loc 1 150 1 view .LVU68
 235 006a 7047     		bx	lr
 236              		.cfi_endproc
 237              	.LFE145:
 239              		.section	.text.HAL_SPIEx_ConfigureUnderrun,"ax",%progbits
 240              		.align	1
 241              		.global	HAL_SPIEx_ConfigureUnderrun
 242              		.syntax unified
 243              		.thumb
 244              		.thumb_func
 246              	HAL_SPIEx_ConfigureUnderrun:
 247              	.LVL14:
 248              	.LFB146:
 151:../../../lib/Drivers/STM32H7xx_HAL_Driver/Src/stm32h7xx_hal_spi_ex.c **** 
 152:../../../lib/Drivers/STM32H7xx_HAL_Driver/Src/stm32h7xx_hal_spi_ex.c **** /**
 153:../../../lib/Drivers/STM32H7xx_HAL_Driver/Src/stm32h7xx_hal_spi_ex.c ****   * @brief  Configure the UNDERRUN condition and behavior of slave transmitter.
 154:../../../lib/Drivers/STM32H7xx_HAL_Driver/Src/stm32h7xx_hal_spi_ex.c ****   * @param  hspi: pointer to a SPI_HandleTypeDef structure that contains
 155:../../../lib/Drivers/STM32H7xx_HAL_Driver/Src/stm32h7xx_hal_spi_ex.c ****   *               the configuration information for SPI module.
 156:../../../lib/Drivers/STM32H7xx_HAL_Driver/Src/stm32h7xx_hal_spi_ex.c ****   * @param  UnderrunDetection : Detection of underrun condition at slave transmitter
 157:../../../lib/Drivers/STM32H7xx_HAL_Driver/Src/stm32h7xx_hal_spi_ex.c ****   *                             This parameter can be a value of @ref SPI_Underrun_Detection.
 158:../../../lib/Drivers/STM32H7xx_HAL_Driver/Src/stm32h7xx_hal_spi_ex.c ****   * @param  UnderrunBehaviour : Behavior of slave transmitter at underrun condition
 159:../../../lib/Drivers/STM32H7xx_HAL_Driver/Src/stm32h7xx_hal_spi_ex.c ****   *                             This parameter can be a value of @ref SPI_Underrun_Behaviour.
 160:../../../lib/Drivers/STM32H7xx_HAL_Driver/Src/stm32h7xx_hal_spi_ex.c ****   * @retval None
 161:../../../lib/Drivers/STM32H7xx_HAL_Driver/Src/stm32h7xx_hal_spi_ex.c ****   */
 162:../../../lib/Drivers/STM32H7xx_HAL_Driver/Src/stm32h7xx_hal_spi_ex.c **** HAL_StatusTypeDef HAL_SPIEx_ConfigureUnderrun(SPI_HandleTypeDef *hspi, uint32_t UnderrunDetection,
 163:../../../lib/Drivers/STM32H7xx_HAL_Driver/Src/stm32h7xx_hal_spi_ex.c ****                                               uint32_t UnderrunBehaviour)
 164:../../../lib/Drivers/STM32H7xx_HAL_Driver/Src/stm32h7xx_hal_spi_ex.c **** {
 249              		.loc 1 164 1 is_stmt 1 view -0
 250              		.cfi_startproc
 251              		@ args = 0, pretend = 0, frame = 0
 252              		@ frame_needed = 0, uses_anonymous_args = 0
 253              		@ link register save eliminated.
 165:../../../lib/Drivers/STM32H7xx_HAL_Driver/Src/stm32h7xx_hal_spi_ex.c ****   HAL_StatusTypeDef errorcode = HAL_OK;
 254              		.loc 1 165 3 view .LVU70
 166:../../../lib/Drivers/STM32H7xx_HAL_Driver/Src/stm32h7xx_hal_spi_ex.c **** 
 167:../../../lib/Drivers/STM32H7xx_HAL_Driver/Src/stm32h7xx_hal_spi_ex.c ****   /* Process Locked */
 168:../../../lib/Drivers/STM32H7xx_HAL_Driver/Src/stm32h7xx_hal_spi_ex.c ****   __HAL_LOCK(hspi);
 255              		.loc 1 168 3 view .LVU71
 256              		.loc 1 168 3 view .LVU72
 257 0000 90F88030 		ldrb	r3, [r0, #128]	@ zero_extendqisi2
 258 0004 012B     		cmp	r3, #1
 259 0006 43D0     		beq	.L27
 260              		.loc 1 168 3 discriminator 2 view .LVU73
 261 0008 0123     		movs	r3, #1
 262 000a 80F88030 		strb	r3, [r0, #128]
 263              		.loc 1 168 3 discriminator 2 view .LVU74
 169:../../../lib/Drivers/STM32H7xx_HAL_Driver/Src/stm32h7xx_hal_spi_ex.c **** 
ARM GAS  C:\Users\tnguy\AppData\Local\Temp\ccxV9ADI.s 			page 9


 170:../../../lib/Drivers/STM32H7xx_HAL_Driver/Src/stm32h7xx_hal_spi_ex.c ****   /* Check State and Insure that Underrun configuration is managed only by Salve */
 171:../../../lib/Drivers/STM32H7xx_HAL_Driver/Src/stm32h7xx_hal_spi_ex.c ****   if ((hspi->State != HAL_SPI_STATE_READY) || (hspi->Init.Mode != SPI_MODE_SLAVE))
 264              		.loc 1 171 3 discriminator 2 view .LVU75
 265              		.loc 1 171 12 is_stmt 0 discriminator 2 view .LVU76
 266 000e 90F88130 		ldrb	r3, [r0, #129]	@ zero_extendqisi2
 267 0012 DBB2     		uxtb	r3, r3
 268              		.loc 1 171 6 discriminator 2 view .LVU77
 269 0014 012B     		cmp	r3, #1
 270 0016 1DD1     		bne	.L23
 271              		.loc 1 171 58 discriminator 1 view .LVU78
 272 0018 4368     		ldr	r3, [r0, #4]
 273              		.loc 1 171 44 discriminator 1 view .LVU79
 274 001a DBB9     		cbnz	r3, .L23
 164:../../../lib/Drivers/STM32H7xx_HAL_Driver/Src/stm32h7xx_hal_spi_ex.c ****   HAL_StatusTypeDef errorcode = HAL_OK;
 275              		.loc 1 164 1 view .LVU80
 276 001c 10B4     		push	{r4}
 277              	.LCFI4:
 278              		.cfi_def_cfa_offset 4
 279              		.cfi_offset 4, -4
 172:../../../lib/Drivers/STM32H7xx_HAL_Driver/Src/stm32h7xx_hal_spi_ex.c ****   {
 173:../../../lib/Drivers/STM32H7xx_HAL_Driver/Src/stm32h7xx_hal_spi_ex.c ****     errorcode = HAL_BUSY;
 174:../../../lib/Drivers/STM32H7xx_HAL_Driver/Src/stm32h7xx_hal_spi_ex.c ****     hspi->State = HAL_SPI_STATE_READY;
 175:../../../lib/Drivers/STM32H7xx_HAL_Driver/Src/stm32h7xx_hal_spi_ex.c ****     /* Process Unlocked */
 176:../../../lib/Drivers/STM32H7xx_HAL_Driver/Src/stm32h7xx_hal_spi_ex.c ****     __HAL_UNLOCK(hspi);
 177:../../../lib/Drivers/STM32H7xx_HAL_Driver/Src/stm32h7xx_hal_spi_ex.c ****     return errorcode;
 178:../../../lib/Drivers/STM32H7xx_HAL_Driver/Src/stm32h7xx_hal_spi_ex.c ****   }
 179:../../../lib/Drivers/STM32H7xx_HAL_Driver/Src/stm32h7xx_hal_spi_ex.c **** 
 180:../../../lib/Drivers/STM32H7xx_HAL_Driver/Src/stm32h7xx_hal_spi_ex.c ****   /* Check the parameters */
 181:../../../lib/Drivers/STM32H7xx_HAL_Driver/Src/stm32h7xx_hal_spi_ex.c ****   assert_param(IS_SPI_UNDERRUN_DETECTION(UnderrunDetection));
 280              		.loc 1 181 3 is_stmt 1 view .LVU81
 182:../../../lib/Drivers/STM32H7xx_HAL_Driver/Src/stm32h7xx_hal_spi_ex.c ****   assert_param(IS_SPI_UNDERRUN_BEHAVIOUR(UnderrunBehaviour));
 281              		.loc 1 182 3 view .LVU82
 183:../../../lib/Drivers/STM32H7xx_HAL_Driver/Src/stm32h7xx_hal_spi_ex.c **** 
 184:../../../lib/Drivers/STM32H7xx_HAL_Driver/Src/stm32h7xx_hal_spi_ex.c ****   /* Check if the SPI is disabled to edit CFG1 register */
 185:../../../lib/Drivers/STM32H7xx_HAL_Driver/Src/stm32h7xx_hal_spi_ex.c ****   if ((hspi->Instance->CR1 & SPI_CR1_SPE) != SPI_CR1_SPE)
 282              		.loc 1 185 3 view .LVU83
 283              		.loc 1 185 12 is_stmt 0 view .LVU84
 284 001e 0368     		ldr	r3, [r0]
 285              		.loc 1 185 22 view .LVU85
 286 0020 1C68     		ldr	r4, [r3]
 287              		.loc 1 185 6 view .LVU86
 288 0022 14F0010F 		tst	r4, #1
 289 0026 1DD1     		bne	.L25
 186:../../../lib/Drivers/STM32H7xx_HAL_Driver/Src/stm32h7xx_hal_spi_ex.c ****   {
 187:../../../lib/Drivers/STM32H7xx_HAL_Driver/Src/stm32h7xx_hal_spi_ex.c ****     /* Configure Underrun fields */
 188:../../../lib/Drivers/STM32H7xx_HAL_Driver/Src/stm32h7xx_hal_spi_ex.c ****     MODIFY_REG(hspi->Instance->CFG1, SPI_CFG1_UDRDET, UnderrunDetection);
 290              		.loc 1 188 5 is_stmt 1 view .LVU87
 291 0028 9C68     		ldr	r4, [r3, #8]
 292 002a 24F4C05C 		bic	ip, r4, #6144
 293 002e 4CEA0101 		orr	r1, ip, r1
 294              	.LVL15:
 295              		.loc 1 188 5 is_stmt 0 view .LVU88
 296 0032 9960     		str	r1, [r3, #8]
 189:../../../lib/Drivers/STM32H7xx_HAL_Driver/Src/stm32h7xx_hal_spi_ex.c ****     MODIFY_REG(hspi->Instance->CFG1, SPI_CFG1_UDRCFG, UnderrunBehaviour);
 297              		.loc 1 189 5 is_stmt 1 view .LVU89
 298 0034 0168     		ldr	r1, [r0]
 299 0036 8B68     		ldr	r3, [r1, #8]
ARM GAS  C:\Users\tnguy\AppData\Local\Temp\ccxV9ADI.s 			page 10


 300 0038 23F4C063 		bic	r3, r3, #1536
 301 003c 1A43     		orrs	r2, r2, r3
 302              	.LVL16:
 303              		.loc 1 189 5 is_stmt 0 view .LVU90
 304 003e 8A60     		str	r2, [r1, #8]
 305              	.L26:
 190:../../../lib/Drivers/STM32H7xx_HAL_Driver/Src/stm32h7xx_hal_spi_ex.c ****   }
 191:../../../lib/Drivers/STM32H7xx_HAL_Driver/Src/stm32h7xx_hal_spi_ex.c ****   else
 192:../../../lib/Drivers/STM32H7xx_HAL_Driver/Src/stm32h7xx_hal_spi_ex.c ****   {
 193:../../../lib/Drivers/STM32H7xx_HAL_Driver/Src/stm32h7xx_hal_spi_ex.c ****     /* Disable SPI peripheral */
 194:../../../lib/Drivers/STM32H7xx_HAL_Driver/Src/stm32h7xx_hal_spi_ex.c ****     __HAL_SPI_DISABLE(hspi);
 195:../../../lib/Drivers/STM32H7xx_HAL_Driver/Src/stm32h7xx_hal_spi_ex.c **** 
 196:../../../lib/Drivers/STM32H7xx_HAL_Driver/Src/stm32h7xx_hal_spi_ex.c ****     /* Configure Underrun fields */
 197:../../../lib/Drivers/STM32H7xx_HAL_Driver/Src/stm32h7xx_hal_spi_ex.c ****     MODIFY_REG(hspi->Instance->CFG1, SPI_CFG1_UDRDET, UnderrunDetection);
 198:../../../lib/Drivers/STM32H7xx_HAL_Driver/Src/stm32h7xx_hal_spi_ex.c ****     MODIFY_REG(hspi->Instance->CFG1, SPI_CFG1_UDRCFG, UnderrunBehaviour);
 199:../../../lib/Drivers/STM32H7xx_HAL_Driver/Src/stm32h7xx_hal_spi_ex.c **** 
 200:../../../lib/Drivers/STM32H7xx_HAL_Driver/Src/stm32h7xx_hal_spi_ex.c ****     /* Enable SPI peripheral */
 201:../../../lib/Drivers/STM32H7xx_HAL_Driver/Src/stm32h7xx_hal_spi_ex.c ****     __HAL_SPI_ENABLE(hspi);
 202:../../../lib/Drivers/STM32H7xx_HAL_Driver/Src/stm32h7xx_hal_spi_ex.c ****   }
 203:../../../lib/Drivers/STM32H7xx_HAL_Driver/Src/stm32h7xx_hal_spi_ex.c **** 
 204:../../../lib/Drivers/STM32H7xx_HAL_Driver/Src/stm32h7xx_hal_spi_ex.c **** 
 205:../../../lib/Drivers/STM32H7xx_HAL_Driver/Src/stm32h7xx_hal_spi_ex.c ****   hspi->State = HAL_SPI_STATE_READY;
 306              		.loc 1 205 3 is_stmt 1 view .LVU91
 307              		.loc 1 205 15 is_stmt 0 view .LVU92
 308 0040 0123     		movs	r3, #1
 309 0042 80F88130 		strb	r3, [r0, #129]
 206:../../../lib/Drivers/STM32H7xx_HAL_Driver/Src/stm32h7xx_hal_spi_ex.c ****   /* Process Unlocked */
 207:../../../lib/Drivers/STM32H7xx_HAL_Driver/Src/stm32h7xx_hal_spi_ex.c ****   __HAL_UNLOCK(hspi);
 310              		.loc 1 207 3 is_stmt 1 view .LVU93
 311              		.loc 1 207 3 view .LVU94
 312 0046 0023     		movs	r3, #0
 313 0048 80F88030 		strb	r3, [r0, #128]
 314              		.loc 1 207 3 view .LVU95
 208:../../../lib/Drivers/STM32H7xx_HAL_Driver/Src/stm32h7xx_hal_spi_ex.c ****   return errorcode;
 315              		.loc 1 208 3 view .LVU96
 316              		.loc 1 208 10 is_stmt 0 view .LVU97
 317 004c 1846     		mov	r0, r3
 318              	.LVL17:
 209:../../../lib/Drivers/STM32H7xx_HAL_Driver/Src/stm32h7xx_hal_spi_ex.c **** }
 319              		.loc 1 209 1 view .LVU98
 320 004e 5DF8044B 		ldr	r4, [sp], #4
 321              	.LCFI5:
 322              		.cfi_restore 4
 323              		.cfi_def_cfa_offset 0
 324 0052 7047     		bx	lr
 325              	.LVL18:
 326              	.L23:
 173:../../../lib/Drivers/STM32H7xx_HAL_Driver/Src/stm32h7xx_hal_spi_ex.c ****     hspi->State = HAL_SPI_STATE_READY;
 327              		.loc 1 173 5 is_stmt 1 view .LVU99
 174:../../../lib/Drivers/STM32H7xx_HAL_Driver/Src/stm32h7xx_hal_spi_ex.c ****     /* Process Unlocked */
 328              		.loc 1 174 5 view .LVU100
 174:../../../lib/Drivers/STM32H7xx_HAL_Driver/Src/stm32h7xx_hal_spi_ex.c ****     /* Process Unlocked */
 329              		.loc 1 174 17 is_stmt 0 view .LVU101
 330 0054 0123     		movs	r3, #1
 331 0056 80F88130 		strb	r3, [r0, #129]
 176:../../../lib/Drivers/STM32H7xx_HAL_Driver/Src/stm32h7xx_hal_spi_ex.c ****     return errorcode;
 332              		.loc 1 176 5 is_stmt 1 view .LVU102
ARM GAS  C:\Users\tnguy\AppData\Local\Temp\ccxV9ADI.s 			page 11


 176:../../../lib/Drivers/STM32H7xx_HAL_Driver/Src/stm32h7xx_hal_spi_ex.c ****     return errorcode;
 333              		.loc 1 176 5 view .LVU103
 334 005a 0023     		movs	r3, #0
 335 005c 80F88030 		strb	r3, [r0, #128]
 176:../../../lib/Drivers/STM32H7xx_HAL_Driver/Src/stm32h7xx_hal_spi_ex.c ****     return errorcode;
 336              		.loc 1 176 5 view .LVU104
 177:../../../lib/Drivers/STM32H7xx_HAL_Driver/Src/stm32h7xx_hal_spi_ex.c ****   }
 337              		.loc 1 177 5 view .LVU105
 177:../../../lib/Drivers/STM32H7xx_HAL_Driver/Src/stm32h7xx_hal_spi_ex.c ****   }
 338              		.loc 1 177 12 is_stmt 0 view .LVU106
 339 0060 0220     		movs	r0, #2
 340              	.LVL19:
 177:../../../lib/Drivers/STM32H7xx_HAL_Driver/Src/stm32h7xx_hal_spi_ex.c ****   }
 341              		.loc 1 177 12 view .LVU107
 342 0062 7047     		bx	lr
 343              	.LVL20:
 344              	.L25:
 345              	.LCFI6:
 346              		.cfi_def_cfa_offset 4
 347              		.cfi_offset 4, -4
 194:../../../lib/Drivers/STM32H7xx_HAL_Driver/Src/stm32h7xx_hal_spi_ex.c **** 
 348              		.loc 1 194 5 is_stmt 1 view .LVU108
 349 0064 1C68     		ldr	r4, [r3]
 350 0066 24F00104 		bic	r4, r4, #1
 351 006a 1C60     		str	r4, [r3]
 197:../../../lib/Drivers/STM32H7xx_HAL_Driver/Src/stm32h7xx_hal_spi_ex.c ****     MODIFY_REG(hspi->Instance->CFG1, SPI_CFG1_UDRCFG, UnderrunBehaviour);
 352              		.loc 1 197 5 view .LVU109
 353 006c 0468     		ldr	r4, [r0]
 354 006e A368     		ldr	r3, [r4, #8]
 355 0070 23F4C053 		bic	r3, r3, #6144
 356 0074 1943     		orrs	r1, r1, r3
 357              	.LVL21:
 197:../../../lib/Drivers/STM32H7xx_HAL_Driver/Src/stm32h7xx_hal_spi_ex.c ****     MODIFY_REG(hspi->Instance->CFG1, SPI_CFG1_UDRCFG, UnderrunBehaviour);
 358              		.loc 1 197 5 is_stmt 0 view .LVU110
 359 0076 A160     		str	r1, [r4, #8]
 198:../../../lib/Drivers/STM32H7xx_HAL_Driver/Src/stm32h7xx_hal_spi_ex.c **** 
 360              		.loc 1 198 5 is_stmt 1 view .LVU111
 361 0078 0168     		ldr	r1, [r0]
 362 007a 8B68     		ldr	r3, [r1, #8]
 363 007c 23F4C063 		bic	r3, r3, #1536
 364 0080 1A43     		orrs	r2, r2, r3
 365              	.LVL22:
 198:../../../lib/Drivers/STM32H7xx_HAL_Driver/Src/stm32h7xx_hal_spi_ex.c **** 
 366              		.loc 1 198 5 is_stmt 0 view .LVU112
 367 0082 8A60     		str	r2, [r1, #8]
 201:../../../lib/Drivers/STM32H7xx_HAL_Driver/Src/stm32h7xx_hal_spi_ex.c ****   }
 368              		.loc 1 201 5 is_stmt 1 view .LVU113
 369 0084 0268     		ldr	r2, [r0]
 370 0086 1368     		ldr	r3, [r2]
 371 0088 43F00103 		orr	r3, r3, #1
 372 008c 1360     		str	r3, [r2]
 373 008e D7E7     		b	.L26
 374              	.LVL23:
 375              	.L27:
 376              	.LCFI7:
 377              		.cfi_def_cfa_offset 0
 378              		.cfi_restore 4
ARM GAS  C:\Users\tnguy\AppData\Local\Temp\ccxV9ADI.s 			page 12


 168:../../../lib/Drivers/STM32H7xx_HAL_Driver/Src/stm32h7xx_hal_spi_ex.c **** 
 379              		.loc 1 168 3 is_stmt 0 view .LVU114
 380 0090 0220     		movs	r0, #2
 381              	.LVL24:
 382              		.loc 1 209 1 view .LVU115
 383 0092 7047     		bx	lr
 384              		.cfi_endproc
 385              	.LFE146:
 387              		.text
 388              	.Letext0:
 389              		.file 2 "c:\\program files (x86)\\gnu arm embedded toolchain\\10 2021.10\\arm-none-eabi\\include\\
 390              		.file 3 "c:\\program files (x86)\\gnu arm embedded toolchain\\10 2021.10\\arm-none-eabi\\include\\
 391              		.file 4 "../../../lib/Drivers/CMSIS/Device/ST/STM32H7xx/Include/stm32h750xx.h"
 392              		.file 5 "../../../lib/Drivers/STM32H7xx_HAL_Driver/Inc/stm32h7xx_hal_def.h"
 393              		.file 6 "../../../lib/Drivers/STM32H7xx_HAL_Driver/Inc/stm32h7xx_hal_dma.h"
 394              		.file 7 "../../../lib/Drivers/STM32H7xx_HAL_Driver/Inc/stm32h7xx_hal_spi.h"
ARM GAS  C:\Users\tnguy\AppData\Local\Temp\ccxV9ADI.s 			page 13


DEFINED SYMBOLS
                            *ABS*:00000000 stm32h7xx_hal_spi_ex.c
C:\Users\tnguy\AppData\Local\Temp\ccxV9ADI.s:19     .text.HAL_SPIEx_FlushRxFifo:00000000 $t
C:\Users\tnguy\AppData\Local\Temp\ccxV9ADI.s:25     .text.HAL_SPIEx_FlushRxFifo:00000000 HAL_SPIEx_FlushRxFifo
C:\Users\tnguy\AppData\Local\Temp\ccxV9ADI.s:130    .text.HAL_SPIEx_FlushRxFifo:00000054 $d
C:\Users\tnguy\AppData\Local\Temp\ccxV9ADI.s:136    .text.HAL_SPIEx_EnableLockConfiguration:00000000 $t
C:\Users\tnguy\AppData\Local\Temp\ccxV9ADI.s:142    .text.HAL_SPIEx_EnableLockConfiguration:00000000 HAL_SPIEx_EnableLockConfiguration
C:\Users\tnguy\AppData\Local\Temp\ccxV9ADI.s:240    .text.HAL_SPIEx_ConfigureUnderrun:00000000 $t
C:\Users\tnguy\AppData\Local\Temp\ccxV9ADI.s:246    .text.HAL_SPIEx_ConfigureUnderrun:00000000 HAL_SPIEx_ConfigureUnderrun

NO UNDEFINED SYMBOLS
