ARM GAS  C:\Users\tnguy\AppData\Local\Temp\ccCd4wRV.s 			page 1


   1              		.cpu cortex-m7
   2              		.arch armv7e-m
   3              		.fpu fpv5-d16
   4              		.eabi_attribute 28, 1
   5              		.eabi_attribute 20, 1
   6              		.eabi_attribute 21, 1
   7              		.eabi_attribute 23, 3
   8              		.eabi_attribute 24, 1
   9              		.eabi_attribute 25, 1
  10              		.eabi_attribute 26, 1
  11              		.eabi_attribute 30, 1
  12              		.eabi_attribute 34, 1
  13              		.eabi_attribute 18, 4
  14              		.file	"stm32h7xx_ll_delayblock.c"
  15              		.text
  16              	.Ltext0:
  17              		.cfi_sections	.debug_frame
  18              		.section	.text.DelayBlock_Enable,"ax",%progbits
  19              		.align	1
  20              		.global	DelayBlock_Enable
  21              		.syntax unified
  22              		.thumb
  23              		.thumb_func
  25              	DelayBlock_Enable:
  26              	.LVL0:
  27              	.LFB144:
  28              		.file 1 "../../../lib/Drivers/STM32H7xx_HAL_Driver/Src/stm32h7xx_ll_delayblock.c"
   1:../../../lib/Drivers/STM32H7xx_HAL_Driver/Src/stm32h7xx_ll_delayblock.c **** /**
   2:../../../lib/Drivers/STM32H7xx_HAL_Driver/Src/stm32h7xx_ll_delayblock.c ****   ******************************************************************************
   3:../../../lib/Drivers/STM32H7xx_HAL_Driver/Src/stm32h7xx_ll_delayblock.c ****   * @file    stm32h7xx_ll_delayblock.c
   4:../../../lib/Drivers/STM32H7xx_HAL_Driver/Src/stm32h7xx_ll_delayblock.c ****   * @author  MCD Application Team
   5:../../../lib/Drivers/STM32H7xx_HAL_Driver/Src/stm32h7xx_ll_delayblock.c ****   * @brief   DelayBlock Low Layer HAL module driver.
   6:../../../lib/Drivers/STM32H7xx_HAL_Driver/Src/stm32h7xx_ll_delayblock.c ****   *    
   7:../../../lib/Drivers/STM32H7xx_HAL_Driver/Src/stm32h7xx_ll_delayblock.c ****   *          This file provides firmware functions to manage the following 
   8:../../../lib/Drivers/STM32H7xx_HAL_Driver/Src/stm32h7xx_ll_delayblock.c ****   *          functionalities of the Delay Block peripheral:
   9:../../../lib/Drivers/STM32H7xx_HAL_Driver/Src/stm32h7xx_ll_delayblock.c ****   *           + input clock frequency range 25MHz to 208MHz
  10:../../../lib/Drivers/STM32H7xx_HAL_Driver/Src/stm32h7xx_ll_delayblock.c ****   *           + up to 12 oversampling phases
  11:../../../lib/Drivers/STM32H7xx_HAL_Driver/Src/stm32h7xx_ll_delayblock.c ****   *
  12:../../../lib/Drivers/STM32H7xx_HAL_Driver/Src/stm32h7xx_ll_delayblock.c ****   ******************************************************************************
  13:../../../lib/Drivers/STM32H7xx_HAL_Driver/Src/stm32h7xx_ll_delayblock.c ****   * @attention
  14:../../../lib/Drivers/STM32H7xx_HAL_Driver/Src/stm32h7xx_ll_delayblock.c ****   *
  15:../../../lib/Drivers/STM32H7xx_HAL_Driver/Src/stm32h7xx_ll_delayblock.c ****   * Copyright (c) 2017 STMicroelectronics.
  16:../../../lib/Drivers/STM32H7xx_HAL_Driver/Src/stm32h7xx_ll_delayblock.c ****   * All rights reserved.
  17:../../../lib/Drivers/STM32H7xx_HAL_Driver/Src/stm32h7xx_ll_delayblock.c ****   *
  18:../../../lib/Drivers/STM32H7xx_HAL_Driver/Src/stm32h7xx_ll_delayblock.c ****   * This software is licensed under terms that can be found in the LICENSE file
  19:../../../lib/Drivers/STM32H7xx_HAL_Driver/Src/stm32h7xx_ll_delayblock.c ****   * in the root directory of this software component.
  20:../../../lib/Drivers/STM32H7xx_HAL_Driver/Src/stm32h7xx_ll_delayblock.c ****   * If no LICENSE file comes with this software, it is provided AS-IS.
  21:../../../lib/Drivers/STM32H7xx_HAL_Driver/Src/stm32h7xx_ll_delayblock.c ****   *
  22:../../../lib/Drivers/STM32H7xx_HAL_Driver/Src/stm32h7xx_ll_delayblock.c ****   ******************************************************************************
  23:../../../lib/Drivers/STM32H7xx_HAL_Driver/Src/stm32h7xx_ll_delayblock.c ****   @verbatim
  24:../../../lib/Drivers/STM32H7xx_HAL_Driver/Src/stm32h7xx_ll_delayblock.c ****   ==============================================================================
  25:../../../lib/Drivers/STM32H7xx_HAL_Driver/Src/stm32h7xx_ll_delayblock.c ****                        ##### DelayBlock peripheral features #####
  26:../../../lib/Drivers/STM32H7xx_HAL_Driver/Src/stm32h7xx_ll_delayblock.c ****   ==============================================================================        
  27:../../../lib/Drivers/STM32H7xx_HAL_Driver/Src/stm32h7xx_ll_delayblock.c ****     [..] The Delay block is used to generate an Output clock which is de-phased from the Input
  28:../../../lib/Drivers/STM32H7xx_HAL_Driver/Src/stm32h7xx_ll_delayblock.c ****           clock. The phase of the Output clock is programmed by FW. The Output clock is then used
  29:../../../lib/Drivers/STM32H7xx_HAL_Driver/Src/stm32h7xx_ll_delayblock.c ****           to clock the receive data in i.e. a SDMMC or QSPI interface.
  30:../../../lib/Drivers/STM32H7xx_HAL_Driver/Src/stm32h7xx_ll_delayblock.c ****          The delay is Voltage and Temperature dependent, which may require FW to do re-tuning
ARM GAS  C:\Users\tnguy\AppData\Local\Temp\ccCd4wRV.s 			page 2


  31:../../../lib/Drivers/STM32H7xx_HAL_Driver/Src/stm32h7xx_ll_delayblock.c ****           and recenter the Output clock phase to the receive data.
  32:../../../lib/Drivers/STM32H7xx_HAL_Driver/Src/stm32h7xx_ll_delayblock.c ****     
  33:../../../lib/Drivers/STM32H7xx_HAL_Driver/Src/stm32h7xx_ll_delayblock.c ****     [..] The Delay Block features include the following:
  34:../../../lib/Drivers/STM32H7xx_HAL_Driver/Src/stm32h7xx_ll_delayblock.c ****          (+) Input clock frequency range 25MHz to 208MHz.
  35:../../../lib/Drivers/STM32H7xx_HAL_Driver/Src/stm32h7xx_ll_delayblock.c ****          (+) Up to 12 oversampling phases.
  36:../../../lib/Drivers/STM32H7xx_HAL_Driver/Src/stm32h7xx_ll_delayblock.c ****          
  37:../../../lib/Drivers/STM32H7xx_HAL_Driver/Src/stm32h7xx_ll_delayblock.c ****                            ##### How to use this driver #####
  38:../../../lib/Drivers/STM32H7xx_HAL_Driver/Src/stm32h7xx_ll_delayblock.c ****   ==============================================================================
  39:../../../lib/Drivers/STM32H7xx_HAL_Driver/Src/stm32h7xx_ll_delayblock.c ****     [..]
  40:../../../lib/Drivers/STM32H7xx_HAL_Driver/Src/stm32h7xx_ll_delayblock.c ****       This driver is a considered as a driver of service for external devices drivers
  41:../../../lib/Drivers/STM32H7xx_HAL_Driver/Src/stm32h7xx_ll_delayblock.c ****       that interfaces with the DELAY peripheral.
  42:../../../lib/Drivers/STM32H7xx_HAL_Driver/Src/stm32h7xx_ll_delayblock.c ****       The DelayBlock_Enable() function, enables the DelayBlock instance, configure the delay line l
  43:../../../lib/Drivers/STM32H7xx_HAL_Driver/Src/stm32h7xx_ll_delayblock.c ****       and configure the Output clock phase.
  44:../../../lib/Drivers/STM32H7xx_HAL_Driver/Src/stm32h7xx_ll_delayblock.c ****       The DelayBlock_Disable() function, disables the DelayBlock instance by setting DEN flag to 0.
  45:../../../lib/Drivers/STM32H7xx_HAL_Driver/Src/stm32h7xx_ll_delayblock.c ****       
  46:../../../lib/Drivers/STM32H7xx_HAL_Driver/Src/stm32h7xx_ll_delayblock.c ****   
  47:../../../lib/Drivers/STM32H7xx_HAL_Driver/Src/stm32h7xx_ll_delayblock.c ****   @endverbatim
  48:../../../lib/Drivers/STM32H7xx_HAL_Driver/Src/stm32h7xx_ll_delayblock.c ****   */
  49:../../../lib/Drivers/STM32H7xx_HAL_Driver/Src/stm32h7xx_ll_delayblock.c **** 
  50:../../../lib/Drivers/STM32H7xx_HAL_Driver/Src/stm32h7xx_ll_delayblock.c **** /* Includes ------------------------------------------------------------------*/
  51:../../../lib/Drivers/STM32H7xx_HAL_Driver/Src/stm32h7xx_ll_delayblock.c **** #include "stm32h7xx_hal.h"
  52:../../../lib/Drivers/STM32H7xx_HAL_Driver/Src/stm32h7xx_ll_delayblock.c **** 
  53:../../../lib/Drivers/STM32H7xx_HAL_Driver/Src/stm32h7xx_ll_delayblock.c **** /** @addtogroup STM32H7xx_HAL_Driver
  54:../../../lib/Drivers/STM32H7xx_HAL_Driver/Src/stm32h7xx_ll_delayblock.c ****   * @{
  55:../../../lib/Drivers/STM32H7xx_HAL_Driver/Src/stm32h7xx_ll_delayblock.c ****   */
  56:../../../lib/Drivers/STM32H7xx_HAL_Driver/Src/stm32h7xx_ll_delayblock.c **** 
  57:../../../lib/Drivers/STM32H7xx_HAL_Driver/Src/stm32h7xx_ll_delayblock.c **** /** @defgroup DELAYBLOCK_LL DELAYBLOCK_LL
  58:../../../lib/Drivers/STM32H7xx_HAL_Driver/Src/stm32h7xx_ll_delayblock.c ****   * @brief Low layer module for Delay Block
  59:../../../lib/Drivers/STM32H7xx_HAL_Driver/Src/stm32h7xx_ll_delayblock.c ****   * @{
  60:../../../lib/Drivers/STM32H7xx_HAL_Driver/Src/stm32h7xx_ll_delayblock.c ****   */
  61:../../../lib/Drivers/STM32H7xx_HAL_Driver/Src/stm32h7xx_ll_delayblock.c **** 
  62:../../../lib/Drivers/STM32H7xx_HAL_Driver/Src/stm32h7xx_ll_delayblock.c **** #if defined(HAL_SD_MODULE_ENABLED) || defined(HAL_QSPI_MODULE_ENABLED)
  63:../../../lib/Drivers/STM32H7xx_HAL_Driver/Src/stm32h7xx_ll_delayblock.c **** 
  64:../../../lib/Drivers/STM32H7xx_HAL_Driver/Src/stm32h7xx_ll_delayblock.c **** /* Private typedef -----------------------------------------------------------*/
  65:../../../lib/Drivers/STM32H7xx_HAL_Driver/Src/stm32h7xx_ll_delayblock.c **** /* Private define ------------------------------------------------------------*/
  66:../../../lib/Drivers/STM32H7xx_HAL_Driver/Src/stm32h7xx_ll_delayblock.c **** #define DLYB_TIMEOUT 0xFFU
  67:../../../lib/Drivers/STM32H7xx_HAL_Driver/Src/stm32h7xx_ll_delayblock.c **** /* Private macro -------------------------------------------------------------*/
  68:../../../lib/Drivers/STM32H7xx_HAL_Driver/Src/stm32h7xx_ll_delayblock.c **** /* Private variables ---------------------------------------------------------*/
  69:../../../lib/Drivers/STM32H7xx_HAL_Driver/Src/stm32h7xx_ll_delayblock.c **** /* Private function prototypes -----------------------------------------------*/
  70:../../../lib/Drivers/STM32H7xx_HAL_Driver/Src/stm32h7xx_ll_delayblock.c **** /* Exported functions --------------------------------------------------------*/
  71:../../../lib/Drivers/STM32H7xx_HAL_Driver/Src/stm32h7xx_ll_delayblock.c **** 
  72:../../../lib/Drivers/STM32H7xx_HAL_Driver/Src/stm32h7xx_ll_delayblock.c **** /** @defgroup DelayBlock_LL_Exported_Functions Delay Block Low Layer Exported Functions
  73:../../../lib/Drivers/STM32H7xx_HAL_Driver/Src/stm32h7xx_ll_delayblock.c ****   * @{
  74:../../../lib/Drivers/STM32H7xx_HAL_Driver/Src/stm32h7xx_ll_delayblock.c ****   */
  75:../../../lib/Drivers/STM32H7xx_HAL_Driver/Src/stm32h7xx_ll_delayblock.c **** 
  76:../../../lib/Drivers/STM32H7xx_HAL_Driver/Src/stm32h7xx_ll_delayblock.c **** /** @defgroup HAL_DELAY_LL_Group1 Initialization de-initialization functions 
  77:../../../lib/Drivers/STM32H7xx_HAL_Driver/Src/stm32h7xx_ll_delayblock.c ****  *  @brief    Initialization and Configuration functions 
  78:../../../lib/Drivers/STM32H7xx_HAL_Driver/Src/stm32h7xx_ll_delayblock.c ****  *
  79:../../../lib/Drivers/STM32H7xx_HAL_Driver/Src/stm32h7xx_ll_delayblock.c **** @verbatim    
  80:../../../lib/Drivers/STM32H7xx_HAL_Driver/Src/stm32h7xx_ll_delayblock.c ****  ===============================================================================
  81:../../../lib/Drivers/STM32H7xx_HAL_Driver/Src/stm32h7xx_ll_delayblock.c ****               ##### Initialization and de-initialization functions #####
  82:../../../lib/Drivers/STM32H7xx_HAL_Driver/Src/stm32h7xx_ll_delayblock.c ****  ===============================================================================
  83:../../../lib/Drivers/STM32H7xx_HAL_Driver/Src/stm32h7xx_ll_delayblock.c ****     [..]  This section provides functions allowing to:
  84:../../../lib/Drivers/STM32H7xx_HAL_Driver/Src/stm32h7xx_ll_delayblock.c ****  
  85:../../../lib/Drivers/STM32H7xx_HAL_Driver/Src/stm32h7xx_ll_delayblock.c **** @endverbatim
  86:../../../lib/Drivers/STM32H7xx_HAL_Driver/Src/stm32h7xx_ll_delayblock.c ****   * @{
  87:../../../lib/Drivers/STM32H7xx_HAL_Driver/Src/stm32h7xx_ll_delayblock.c ****   */
ARM GAS  C:\Users\tnguy\AppData\Local\Temp\ccCd4wRV.s 			page 3


  88:../../../lib/Drivers/STM32H7xx_HAL_Driver/Src/stm32h7xx_ll_delayblock.c **** 
  89:../../../lib/Drivers/STM32H7xx_HAL_Driver/Src/stm32h7xx_ll_delayblock.c **** 
  90:../../../lib/Drivers/STM32H7xx_HAL_Driver/Src/stm32h7xx_ll_delayblock.c **** /**
  91:../../../lib/Drivers/STM32H7xx_HAL_Driver/Src/stm32h7xx_ll_delayblock.c ****   * @brief  Enable the Delay Block instance.
  92:../../../lib/Drivers/STM32H7xx_HAL_Driver/Src/stm32h7xx_ll_delayblock.c ****   * @param  DLYBx: Pointer to DLYB instance.
  93:../../../lib/Drivers/STM32H7xx_HAL_Driver/Src/stm32h7xx_ll_delayblock.c ****   * @retval HAL status
  94:../../../lib/Drivers/STM32H7xx_HAL_Driver/Src/stm32h7xx_ll_delayblock.c ****   */
  95:../../../lib/Drivers/STM32H7xx_HAL_Driver/Src/stm32h7xx_ll_delayblock.c **** HAL_StatusTypeDef DelayBlock_Enable(DLYB_TypeDef *DLYBx)
  96:../../../lib/Drivers/STM32H7xx_HAL_Driver/Src/stm32h7xx_ll_delayblock.c **** {
  29              		.loc 1 96 1 view -0
  30              		.cfi_startproc
  31              		@ args = 0, pretend = 0, frame = 0
  32              		@ frame_needed = 0, uses_anonymous_args = 0
  33              		.loc 1 96 1 is_stmt 0 view .LVU1
  34 0000 2DE9F84F 		push	{r3, r4, r5, r6, r7, r8, r9, r10, fp, lr}
  35              	.LCFI0:
  36              		.cfi_def_cfa_offset 40
  37              		.cfi_offset 3, -40
  38              		.cfi_offset 4, -36
  39              		.cfi_offset 5, -32
  40              		.cfi_offset 6, -28
  41              		.cfi_offset 7, -24
  42              		.cfi_offset 8, -20
  43              		.cfi_offset 9, -16
  44              		.cfi_offset 10, -12
  45              		.cfi_offset 11, -8
  46              		.cfi_offset 14, -4
  47 0004 0446     		mov	r4, r0
  97:../../../lib/Drivers/STM32H7xx_HAL_Driver/Src/stm32h7xx_ll_delayblock.c ****   uint32_t unit = 0U;
  48              		.loc 1 97 3 is_stmt 1 view .LVU2
  49              	.LVL1:
  98:../../../lib/Drivers/STM32H7xx_HAL_Driver/Src/stm32h7xx_ll_delayblock.c ****   uint32_t sel = 0U;
  50              		.loc 1 98 3 view .LVU3
  99:../../../lib/Drivers/STM32H7xx_HAL_Driver/Src/stm32h7xx_ll_delayblock.c ****   uint32_t sel_current;
  51              		.loc 1 99 3 view .LVU4
 100:../../../lib/Drivers/STM32H7xx_HAL_Driver/Src/stm32h7xx_ll_delayblock.c ****   uint32_t unit_current;
  52              		.loc 1 100 3 view .LVU5
 101:../../../lib/Drivers/STM32H7xx_HAL_Driver/Src/stm32h7xx_ll_delayblock.c ****   uint32_t tuning;
  53              		.loc 1 101 3 view .LVU6
 102:../../../lib/Drivers/STM32H7xx_HAL_Driver/Src/stm32h7xx_ll_delayblock.c ****   uint32_t lng_mask;
  54              		.loc 1 102 3 view .LVU7
 103:../../../lib/Drivers/STM32H7xx_HAL_Driver/Src/stm32h7xx_ll_delayblock.c ****   uint32_t tickstart;
  55              		.loc 1 103 3 view .LVU8
 104:../../../lib/Drivers/STM32H7xx_HAL_Driver/Src/stm32h7xx_ll_delayblock.c **** 
 105:../../../lib/Drivers/STM32H7xx_HAL_Driver/Src/stm32h7xx_ll_delayblock.c ****   DLYBx->CR = DLYB_CR_DEN | DLYB_CR_SEN;
  56              		.loc 1 105 3 view .LVU9
  57              		.loc 1 105 13 is_stmt 0 view .LVU10
  58 0006 0323     		movs	r3, #3
  59 0008 0360     		str	r3, [r0]
 106:../../../lib/Drivers/STM32H7xx_HAL_Driver/Src/stm32h7xx_ll_delayblock.c **** 
 107:../../../lib/Drivers/STM32H7xx_HAL_Driver/Src/stm32h7xx_ll_delayblock.c ****   for (sel_current = 0U; sel_current < DLYB_MAX_SELECT; sel_current++)
  60              		.loc 1 107 3 is_stmt 1 view .LVU11
  61              	.LVL2:
  62              		.loc 1 107 20 is_stmt 0 view .LVU12
  63 000a 0027     		movs	r7, #0
  98:../../../lib/Drivers/STM32H7xx_HAL_Driver/Src/stm32h7xx_ll_delayblock.c ****   uint32_t sel_current;
  64              		.loc 1 98 12 view .LVU13
ARM GAS  C:\Users\tnguy\AppData\Local\Temp\ccCd4wRV.s 			page 4


  65 000c BA46     		mov	r10, r7
  97:../../../lib/Drivers/STM32H7xx_HAL_Driver/Src/stm32h7xx_ll_delayblock.c ****   uint32_t sel = 0U;
  66              		.loc 1 97 12 view .LVU14
  67 000e BB46     		mov	fp, r7
  68              	.LVL3:
  69              	.L2:
  70              		.loc 1 107 26 is_stmt 1 discriminator 1 view .LVU15
  71              		.loc 1 107 3 is_stmt 0 discriminator 1 view .LVU16
  72 0010 0B2F     		cmp	r7, #11
  73 0012 32D8     		bhi	.L16
 108:../../../lib/Drivers/STM32H7xx_HAL_Driver/Src/stm32h7xx_ll_delayblock.c ****   {
 109:../../../lib/Drivers/STM32H7xx_HAL_Driver/Src/stm32h7xx_ll_delayblock.c ****     /* lng_mask is the mask bit for the LNG field to check the output of the UNITx*/
 110:../../../lib/Drivers/STM32H7xx_HAL_Driver/Src/stm32h7xx_ll_delayblock.c ****     lng_mask = DLYB_CFGR_LNG_0 << sel_current;
  74              		.loc 1 110 5 is_stmt 1 view .LVU17
  75              		.loc 1 110 14 is_stmt 0 view .LVU18
  76 0014 4FF48038 		mov	r8, #65536
  77 0018 08FA07F8 		lsl	r8, r8, r7
  78              	.LVL4:
 111:../../../lib/Drivers/STM32H7xx_HAL_Driver/Src/stm32h7xx_ll_delayblock.c ****     tuning = 0U;
  79              		.loc 1 111 5 is_stmt 1 view .LVU19
 112:../../../lib/Drivers/STM32H7xx_HAL_Driver/Src/stm32h7xx_ll_delayblock.c ****     for (unit_current = 0U; unit_current < DLYB_MAX_UNIT; unit_current++)
  80              		.loc 1 112 5 view .LVU20
 111:../../../lib/Drivers/STM32H7xx_HAL_Driver/Src/stm32h7xx_ll_delayblock.c ****     tuning = 0U;
  81              		.loc 1 111 12 is_stmt 0 view .LVU21
  82 001c 4FF00009 		mov	r9, #0
  83              		.loc 1 112 23 view .LVU22
  84 0020 4E46     		mov	r6, r9
  85              	.LVL5:
  86              	.L3:
  87              		.loc 1 112 29 is_stmt 1 discriminator 1 view .LVU23
  88              		.loc 1 112 5 is_stmt 0 discriminator 1 view .LVU24
  89 0022 7F2E     		cmp	r6, #127
  90 0024 27D8     		bhi	.L10
 113:../../../lib/Drivers/STM32H7xx_HAL_Driver/Src/stm32h7xx_ll_delayblock.c ****     {
 114:../../../lib/Drivers/STM32H7xx_HAL_Driver/Src/stm32h7xx_ll_delayblock.c ****       /* Set the Delay of the UNIT(s)*/
 115:../../../lib/Drivers/STM32H7xx_HAL_Driver/Src/stm32h7xx_ll_delayblock.c ****       DLYBx->CFGR = DLYB_MAX_SELECT | (unit_current << DLYB_CFGR_UNIT_Pos);
  91              		.loc 1 115 7 is_stmt 1 view .LVU25
  92              		.loc 1 115 53 is_stmt 0 view .LVU26
  93 0026 3302     		lsls	r3, r6, #8
  94              		.loc 1 115 37 view .LVU27
  95 0028 43F00C03 		orr	r3, r3, #12
  96              		.loc 1 115 19 view .LVU28
  97 002c 6360     		str	r3, [r4, #4]
 116:../../../lib/Drivers/STM32H7xx_HAL_Driver/Src/stm32h7xx_ll_delayblock.c **** 
 117:../../../lib/Drivers/STM32H7xx_HAL_Driver/Src/stm32h7xx_ll_delayblock.c ****       /* Waiting for a LNG valid value */
 118:../../../lib/Drivers/STM32H7xx_HAL_Driver/Src/stm32h7xx_ll_delayblock.c ****       tickstart =  HAL_GetTick();
  98              		.loc 1 118 7 is_stmt 1 view .LVU29
  99              		.loc 1 118 20 is_stmt 0 view .LVU30
 100 002e FFF7FEFF 		bl	HAL_GetTick
 101              	.LVL6:
 102 0032 0546     		mov	r5, r0
 103              	.LVL7:
 119:../../../lib/Drivers/STM32H7xx_HAL_Driver/Src/stm32h7xx_ll_delayblock.c ****       while ((DLYBx->CFGR & DLYB_CFGR_LNGF) == 0U)
 104              		.loc 1 119 7 is_stmt 1 view .LVU31
 105              	.L4:
 106              		.loc 1 119 13 view .LVU32
 107              		.loc 1 119 20 is_stmt 0 view .LVU33
ARM GAS  C:\Users\tnguy\AppData\Local\Temp\ccCd4wRV.s 			page 5


 108 0034 6368     		ldr	r3, [r4, #4]
 109              		.loc 1 119 13 view .LVU34
 110 0036 002B     		cmp	r3, #0
 111 0038 07DB     		blt	.L17
 120:../../../lib/Drivers/STM32H7xx_HAL_Driver/Src/stm32h7xx_ll_delayblock.c ****       {
 121:../../../lib/Drivers/STM32H7xx_HAL_Driver/Src/stm32h7xx_ll_delayblock.c ****         if((HAL_GetTick() - tickstart) >=  DLYB_TIMEOUT)
 112              		.loc 1 121 9 is_stmt 1 view .LVU35
 113              		.loc 1 121 13 is_stmt 0 view .LVU36
 114 003a FFF7FEFF 		bl	HAL_GetTick
 115              	.LVL8:
 116              		.loc 1 121 27 view .LVU37
 117 003e 401B     		subs	r0, r0, r5
 118              		.loc 1 121 11 view .LVU38
 119 0040 FE28     		cmp	r0, #254
 120 0042 F7D9     		bls	.L4
 122:../../../lib/Drivers/STM32H7xx_HAL_Driver/Src/stm32h7xx_ll_delayblock.c ****         {
 123:../../../lib/Drivers/STM32H7xx_HAL_Driver/Src/stm32h7xx_ll_delayblock.c ****           return HAL_TIMEOUT;
 121              		.loc 1 123 18 view .LVU39
 122 0044 0320     		movs	r0, #3
 123              	.LVL9:
 124              	.L5:
 124:../../../lib/Drivers/STM32H7xx_HAL_Driver/Src/stm32h7xx_ll_delayblock.c ****         }
 125:../../../lib/Drivers/STM32H7xx_HAL_Driver/Src/stm32h7xx_ll_delayblock.c ****       }
 126:../../../lib/Drivers/STM32H7xx_HAL_Driver/Src/stm32h7xx_ll_delayblock.c ****       if (tuning == 0U)
 127:../../../lib/Drivers/STM32H7xx_HAL_Driver/Src/stm32h7xx_ll_delayblock.c ****       {
 128:../../../lib/Drivers/STM32H7xx_HAL_Driver/Src/stm32h7xx_ll_delayblock.c ****         if ((DLYBx->CFGR & lng_mask) != 0U)
 129:../../../lib/Drivers/STM32H7xx_HAL_Driver/Src/stm32h7xx_ll_delayblock.c ****         {
 130:../../../lib/Drivers/STM32H7xx_HAL_Driver/Src/stm32h7xx_ll_delayblock.c ****           /* 1/2 period HIGH is detected */
 131:../../../lib/Drivers/STM32H7xx_HAL_Driver/Src/stm32h7xx_ll_delayblock.c ****           tuning = 1U;
 132:../../../lib/Drivers/STM32H7xx_HAL_Driver/Src/stm32h7xx_ll_delayblock.c ****         }
 133:../../../lib/Drivers/STM32H7xx_HAL_Driver/Src/stm32h7xx_ll_delayblock.c ****       }
 134:../../../lib/Drivers/STM32H7xx_HAL_Driver/Src/stm32h7xx_ll_delayblock.c ****       else
 135:../../../lib/Drivers/STM32H7xx_HAL_Driver/Src/stm32h7xx_ll_delayblock.c ****       {
 136:../../../lib/Drivers/STM32H7xx_HAL_Driver/Src/stm32h7xx_ll_delayblock.c ****         /* 1/2 period LOW detected after the HIGH 1/2 period => FULL PERIOD passed*/
 137:../../../lib/Drivers/STM32H7xx_HAL_Driver/Src/stm32h7xx_ll_delayblock.c ****         if((DLYBx->CFGR & lng_mask ) == 0U)
 138:../../../lib/Drivers/STM32H7xx_HAL_Driver/Src/stm32h7xx_ll_delayblock.c ****         {
 139:../../../lib/Drivers/STM32H7xx_HAL_Driver/Src/stm32h7xx_ll_delayblock.c ****           /* Save the first result */
 140:../../../lib/Drivers/STM32H7xx_HAL_Driver/Src/stm32h7xx_ll_delayblock.c ****           if( unit == 0U )
 141:../../../lib/Drivers/STM32H7xx_HAL_Driver/Src/stm32h7xx_ll_delayblock.c ****           {
 142:../../../lib/Drivers/STM32H7xx_HAL_Driver/Src/stm32h7xx_ll_delayblock.c ****             unit = unit_current;
 143:../../../lib/Drivers/STM32H7xx_HAL_Driver/Src/stm32h7xx_ll_delayblock.c ****             sel  = sel_current + 1U;
 144:../../../lib/Drivers/STM32H7xx_HAL_Driver/Src/stm32h7xx_ll_delayblock.c ****           }
 145:../../../lib/Drivers/STM32H7xx_HAL_Driver/Src/stm32h7xx_ll_delayblock.c ****           break;
 146:../../../lib/Drivers/STM32H7xx_HAL_Driver/Src/stm32h7xx_ll_delayblock.c ****         }
 147:../../../lib/Drivers/STM32H7xx_HAL_Driver/Src/stm32h7xx_ll_delayblock.c ****       }
 148:../../../lib/Drivers/STM32H7xx_HAL_Driver/Src/stm32h7xx_ll_delayblock.c ****     }
 149:../../../lib/Drivers/STM32H7xx_HAL_Driver/Src/stm32h7xx_ll_delayblock.c ****   }
 150:../../../lib/Drivers/STM32H7xx_HAL_Driver/Src/stm32h7xx_ll_delayblock.c **** 
 151:../../../lib/Drivers/STM32H7xx_HAL_Driver/Src/stm32h7xx_ll_delayblock.c ****   /* Apply the Tuning settings */
 152:../../../lib/Drivers/STM32H7xx_HAL_Driver/Src/stm32h7xx_ll_delayblock.c ****   DLYBx->CR   = 0U;
 153:../../../lib/Drivers/STM32H7xx_HAL_Driver/Src/stm32h7xx_ll_delayblock.c ****   DLYBx->CR   = DLYB_CR_DEN | DLYB_CR_SEN;
 154:../../../lib/Drivers/STM32H7xx_HAL_Driver/Src/stm32h7xx_ll_delayblock.c ****   DLYBx->CFGR = sel | (unit << DLYB_CFGR_UNIT_Pos);
 155:../../../lib/Drivers/STM32H7xx_HAL_Driver/Src/stm32h7xx_ll_delayblock.c ****   DLYBx->CR   = DLYB_CR_DEN;
 156:../../../lib/Drivers/STM32H7xx_HAL_Driver/Src/stm32h7xx_ll_delayblock.c **** 
 157:../../../lib/Drivers/STM32H7xx_HAL_Driver/Src/stm32h7xx_ll_delayblock.c ****   return HAL_OK;
 158:../../../lib/Drivers/STM32H7xx_HAL_Driver/Src/stm32h7xx_ll_delayblock.c **** }
 125              		.loc 1 158 1 view .LVU40
ARM GAS  C:\Users\tnguy\AppData\Local\Temp\ccCd4wRV.s 			page 6


 126 0046 BDE8F88F 		pop	{r3, r4, r5, r6, r7, r8, r9, r10, fp, pc}
 127              	.LVL10:
 128              	.L17:
 126:../../../lib/Drivers/STM32H7xx_HAL_Driver/Src/stm32h7xx_ll_delayblock.c ****       {
 129              		.loc 1 126 7 is_stmt 1 view .LVU41
 126:../../../lib/Drivers/STM32H7xx_HAL_Driver/Src/stm32h7xx_ll_delayblock.c ****       {
 130              		.loc 1 126 10 is_stmt 0 view .LVU42
 131 004a B9F1000F 		cmp	r9, #0
 132 004e 06D1     		bne	.L7
 128:../../../lib/Drivers/STM32H7xx_HAL_Driver/Src/stm32h7xx_ll_delayblock.c ****         {
 133              		.loc 1 128 9 is_stmt 1 view .LVU43
 128:../../../lib/Drivers/STM32H7xx_HAL_Driver/Src/stm32h7xx_ll_delayblock.c ****         {
 134              		.loc 1 128 19 is_stmt 0 view .LVU44
 135 0050 6368     		ldr	r3, [r4, #4]
 128:../../../lib/Drivers/STM32H7xx_HAL_Driver/Src/stm32h7xx_ll_delayblock.c ****         {
 136              		.loc 1 128 12 view .LVU45
 137 0052 13EA080F 		tst	r3, r8
 138 0056 06D0     		beq	.L8
 131:../../../lib/Drivers/STM32H7xx_HAL_Driver/Src/stm32h7xx_ll_delayblock.c ****         }
 139              		.loc 1 131 18 view .LVU46
 140 0058 4FF00109 		mov	r9, #1
 141              	.LVL11:
 131:../../../lib/Drivers/STM32H7xx_HAL_Driver/Src/stm32h7xx_ll_delayblock.c ****         }
 142              		.loc 1 131 18 view .LVU47
 143 005c 03E0     		b	.L8
 144              	.LVL12:
 145              	.L7:
 137:../../../lib/Drivers/STM32H7xx_HAL_Driver/Src/stm32h7xx_ll_delayblock.c ****         {
 146              		.loc 1 137 9 is_stmt 1 view .LVU48
 137:../../../lib/Drivers/STM32H7xx_HAL_Driver/Src/stm32h7xx_ll_delayblock.c ****         {
 147              		.loc 1 137 18 is_stmt 0 view .LVU49
 148 005e 6368     		ldr	r3, [r4, #4]
 137:../../../lib/Drivers/STM32H7xx_HAL_Driver/Src/stm32h7xx_ll_delayblock.c ****         {
 149              		.loc 1 137 11 view .LVU50
 150 0060 13EA080F 		tst	r3, r8
 151 0064 01D0     		beq	.L18
 152              	.LVL13:
 153              	.L8:
 112:../../../lib/Drivers/STM32H7xx_HAL_Driver/Src/stm32h7xx_ll_delayblock.c ****     {
 154              		.loc 1 112 59 is_stmt 1 discriminator 2 view .LVU51
 112:../../../lib/Drivers/STM32H7xx_HAL_Driver/Src/stm32h7xx_ll_delayblock.c ****     {
 155              		.loc 1 112 71 is_stmt 0 discriminator 2 view .LVU52
 156 0066 0136     		adds	r6, r6, #1
 157              	.LVL14:
 112:../../../lib/Drivers/STM32H7xx_HAL_Driver/Src/stm32h7xx_ll_delayblock.c ****     {
 158              		.loc 1 112 71 discriminator 2 view .LVU53
 159 0068 DBE7     		b	.L3
 160              	.L18:
 140:../../../lib/Drivers/STM32H7xx_HAL_Driver/Src/stm32h7xx_ll_delayblock.c ****           {
 161              		.loc 1 140 11 is_stmt 1 view .LVU54
 140:../../../lib/Drivers/STM32H7xx_HAL_Driver/Src/stm32h7xx_ll_delayblock.c ****           {
 162              		.loc 1 140 13 is_stmt 0 view .LVU55
 163 006a BBF1000F 		cmp	fp, #0
 164 006e 02D1     		bne	.L10
 142:../../../lib/Drivers/STM32H7xx_HAL_Driver/Src/stm32h7xx_ll_delayblock.c ****             sel  = sel_current + 1U;
 165              		.loc 1 142 13 is_stmt 1 view .LVU56
 166              	.LVL15:
ARM GAS  C:\Users\tnguy\AppData\Local\Temp\ccCd4wRV.s 			page 7


 143:../../../lib/Drivers/STM32H7xx_HAL_Driver/Src/stm32h7xx_ll_delayblock.c ****           }
 167              		.loc 1 143 13 view .LVU57
 143:../../../lib/Drivers/STM32H7xx_HAL_Driver/Src/stm32h7xx_ll_delayblock.c ****           }
 168              		.loc 1 143 18 is_stmt 0 view .LVU58
 169 0070 07F1010A 		add	r10, r7, #1
 170              	.LVL16:
 142:../../../lib/Drivers/STM32H7xx_HAL_Driver/Src/stm32h7xx_ll_delayblock.c ****             sel  = sel_current + 1U;
 171              		.loc 1 142 18 view .LVU59
 172 0074 B346     		mov	fp, r6
 173              	.LVL17:
 174              	.L10:
 107:../../../lib/Drivers/STM32H7xx_HAL_Driver/Src/stm32h7xx_ll_delayblock.c ****   {
 175              		.loc 1 107 57 is_stmt 1 discriminator 2 view .LVU60
 107:../../../lib/Drivers/STM32H7xx_HAL_Driver/Src/stm32h7xx_ll_delayblock.c ****   {
 176              		.loc 1 107 68 is_stmt 0 discriminator 2 view .LVU61
 177 0076 0137     		adds	r7, r7, #1
 178              	.LVL18:
 107:../../../lib/Drivers/STM32H7xx_HAL_Driver/Src/stm32h7xx_ll_delayblock.c ****   {
 179              		.loc 1 107 68 discriminator 2 view .LVU62
 180 0078 CAE7     		b	.L2
 181              	.LVL19:
 182              	.L16:
 152:../../../lib/Drivers/STM32H7xx_HAL_Driver/Src/stm32h7xx_ll_delayblock.c ****   DLYBx->CR   = DLYB_CR_DEN | DLYB_CR_SEN;
 183              		.loc 1 152 3 is_stmt 1 view .LVU63
 152:../../../lib/Drivers/STM32H7xx_HAL_Driver/Src/stm32h7xx_ll_delayblock.c ****   DLYBx->CR   = DLYB_CR_DEN | DLYB_CR_SEN;
 184              		.loc 1 152 15 is_stmt 0 view .LVU64
 185 007a 0020     		movs	r0, #0
 186 007c 2060     		str	r0, [r4]
 153:../../../lib/Drivers/STM32H7xx_HAL_Driver/Src/stm32h7xx_ll_delayblock.c ****   DLYBx->CFGR = sel | (unit << DLYB_CFGR_UNIT_Pos);
 187              		.loc 1 153 3 is_stmt 1 view .LVU65
 153:../../../lib/Drivers/STM32H7xx_HAL_Driver/Src/stm32h7xx_ll_delayblock.c ****   DLYBx->CFGR = sel | (unit << DLYB_CFGR_UNIT_Pos);
 188              		.loc 1 153 15 is_stmt 0 view .LVU66
 189 007e 0323     		movs	r3, #3
 190 0080 2360     		str	r3, [r4]
 154:../../../lib/Drivers/STM32H7xx_HAL_Driver/Src/stm32h7xx_ll_delayblock.c ****   DLYBx->CR   = DLYB_CR_DEN;
 191              		.loc 1 154 3 is_stmt 1 view .LVU67
 154:../../../lib/Drivers/STM32H7xx_HAL_Driver/Src/stm32h7xx_ll_delayblock.c ****   DLYBx->CR   = DLYB_CR_DEN;
 192              		.loc 1 154 21 is_stmt 0 view .LVU68
 193 0082 4AEA0B23 		orr	r3, r10, fp, lsl #8
 154:../../../lib/Drivers/STM32H7xx_HAL_Driver/Src/stm32h7xx_ll_delayblock.c ****   DLYBx->CR   = DLYB_CR_DEN;
 194              		.loc 1 154 15 view .LVU69
 195 0086 6360     		str	r3, [r4, #4]
 155:../../../lib/Drivers/STM32H7xx_HAL_Driver/Src/stm32h7xx_ll_delayblock.c **** 
 196              		.loc 1 155 3 is_stmt 1 view .LVU70
 155:../../../lib/Drivers/STM32H7xx_HAL_Driver/Src/stm32h7xx_ll_delayblock.c **** 
 197              		.loc 1 155 15 is_stmt 0 view .LVU71
 198 0088 0123     		movs	r3, #1
 199 008a 2360     		str	r3, [r4]
 157:../../../lib/Drivers/STM32H7xx_HAL_Driver/Src/stm32h7xx_ll_delayblock.c **** }
 200              		.loc 1 157 3 is_stmt 1 view .LVU72
 157:../../../lib/Drivers/STM32H7xx_HAL_Driver/Src/stm32h7xx_ll_delayblock.c **** }
 201              		.loc 1 157 10 is_stmt 0 view .LVU73
 202 008c DBE7     		b	.L5
 203              		.cfi_endproc
 204              	.LFE144:
 206              		.section	.text.DelayBlock_Disable,"ax",%progbits
 207              		.align	1
ARM GAS  C:\Users\tnguy\AppData\Local\Temp\ccCd4wRV.s 			page 8


 208              		.global	DelayBlock_Disable
 209              		.syntax unified
 210              		.thumb
 211              		.thumb_func
 213              	DelayBlock_Disable:
 214              	.LVL20:
 215              	.LFB145:
 159:../../../lib/Drivers/STM32H7xx_HAL_Driver/Src/stm32h7xx_ll_delayblock.c **** 
 160:../../../lib/Drivers/STM32H7xx_HAL_Driver/Src/stm32h7xx_ll_delayblock.c **** /**
 161:../../../lib/Drivers/STM32H7xx_HAL_Driver/Src/stm32h7xx_ll_delayblock.c ****   * @brief  Disable the Delay Block instance.
 162:../../../lib/Drivers/STM32H7xx_HAL_Driver/Src/stm32h7xx_ll_delayblock.c ****   * @param  DLYBx: Pointer to DLYB instance.
 163:../../../lib/Drivers/STM32H7xx_HAL_Driver/Src/stm32h7xx_ll_delayblock.c ****   * @retval HAL status
 164:../../../lib/Drivers/STM32H7xx_HAL_Driver/Src/stm32h7xx_ll_delayblock.c ****   */
 165:../../../lib/Drivers/STM32H7xx_HAL_Driver/Src/stm32h7xx_ll_delayblock.c **** HAL_StatusTypeDef DelayBlock_Disable(DLYB_TypeDef *DLYBx)
 166:../../../lib/Drivers/STM32H7xx_HAL_Driver/Src/stm32h7xx_ll_delayblock.c **** {
 216              		.loc 1 166 1 is_stmt 1 view -0
 217              		.cfi_startproc
 218              		@ args = 0, pretend = 0, frame = 0
 219              		@ frame_needed = 0, uses_anonymous_args = 0
 220              		@ link register save eliminated.
 221              		.loc 1 166 1 is_stmt 0 view .LVU75
 222 0000 0346     		mov	r3, r0
 167:../../../lib/Drivers/STM32H7xx_HAL_Driver/Src/stm32h7xx_ll_delayblock.c ****   /* Disable DLYB */
 168:../../../lib/Drivers/STM32H7xx_HAL_Driver/Src/stm32h7xx_ll_delayblock.c ****   DLYBx->CR = 0U;
 223              		.loc 1 168 3 is_stmt 1 view .LVU76
 224              		.loc 1 168 13 is_stmt 0 view .LVU77
 225 0002 0020     		movs	r0, #0
 226              	.LVL21:
 227              		.loc 1 168 13 view .LVU78
 228 0004 1860     		str	r0, [r3]
 169:../../../lib/Drivers/STM32H7xx_HAL_Driver/Src/stm32h7xx_ll_delayblock.c ****   return HAL_OK;
 229              		.loc 1 169 3 is_stmt 1 view .LVU79
 170:../../../lib/Drivers/STM32H7xx_HAL_Driver/Src/stm32h7xx_ll_delayblock.c **** }
 230              		.loc 1 170 1 is_stmt 0 view .LVU80
 231 0006 7047     		bx	lr
 232              		.cfi_endproc
 233              	.LFE145:
 235              		.section	.text.DelayBlock_Configure,"ax",%progbits
 236              		.align	1
 237              		.global	DelayBlock_Configure
 238              		.syntax unified
 239              		.thumb
 240              		.thumb_func
 242              	DelayBlock_Configure:
 243              	.LVL22:
 244              	.LFB146:
 171:../../../lib/Drivers/STM32H7xx_HAL_Driver/Src/stm32h7xx_ll_delayblock.c **** 
 172:../../../lib/Drivers/STM32H7xx_HAL_Driver/Src/stm32h7xx_ll_delayblock.c **** /**
 173:../../../lib/Drivers/STM32H7xx_HAL_Driver/Src/stm32h7xx_ll_delayblock.c ****   * @brief  Configure the Delay Block instance.
 174:../../../lib/Drivers/STM32H7xx_HAL_Driver/Src/stm32h7xx_ll_delayblock.c ****   * @param  DLYBx: Pointer to DLYB instance.
 175:../../../lib/Drivers/STM32H7xx_HAL_Driver/Src/stm32h7xx_ll_delayblock.c ****   * @param  PhaseSel: Phase selection [0..11].
 176:../../../lib/Drivers/STM32H7xx_HAL_Driver/Src/stm32h7xx_ll_delayblock.c ****   * @param  Units: Delay units[0..127].
 177:../../../lib/Drivers/STM32H7xx_HAL_Driver/Src/stm32h7xx_ll_delayblock.c ****   * @retval HAL status
 178:../../../lib/Drivers/STM32H7xx_HAL_Driver/Src/stm32h7xx_ll_delayblock.c ****   */
 179:../../../lib/Drivers/STM32H7xx_HAL_Driver/Src/stm32h7xx_ll_delayblock.c **** HAL_StatusTypeDef DelayBlock_Configure(DLYB_TypeDef *DLYBx,uint32_t PhaseSel, uint32_t Units )
 180:../../../lib/Drivers/STM32H7xx_HAL_Driver/Src/stm32h7xx_ll_delayblock.c **** {
 245              		.loc 1 180 1 is_stmt 1 view -0
ARM GAS  C:\Users\tnguy\AppData\Local\Temp\ccCd4wRV.s 			page 9


 246              		.cfi_startproc
 247              		@ args = 0, pretend = 0, frame = 0
 248              		@ frame_needed = 0, uses_anonymous_args = 0
 249              		@ link register save eliminated.
 250              		.loc 1 180 1 is_stmt 0 view .LVU82
 251 0000 10B4     		push	{r4}
 252              	.LCFI1:
 253              		.cfi_def_cfa_offset 4
 254              		.cfi_offset 4, -4
 255 0002 0346     		mov	r3, r0
 181:../../../lib/Drivers/STM32H7xx_HAL_Driver/Src/stm32h7xx_ll_delayblock.c ****   /* Apply the delay settings */
 182:../../../lib/Drivers/STM32H7xx_HAL_Driver/Src/stm32h7xx_ll_delayblock.c **** 
 183:../../../lib/Drivers/STM32H7xx_HAL_Driver/Src/stm32h7xx_ll_delayblock.c ****   DLYBx->CR   = 0U;
 256              		.loc 1 183 3 is_stmt 1 view .LVU83
 257              		.loc 1 183 15 is_stmt 0 view .LVU84
 258 0004 0020     		movs	r0, #0
 259              	.LVL23:
 260              		.loc 1 183 15 view .LVU85
 261 0006 1860     		str	r0, [r3]
 184:../../../lib/Drivers/STM32H7xx_HAL_Driver/Src/stm32h7xx_ll_delayblock.c ****   DLYBx->CR   = DLYB_CR_DEN | DLYB_CR_SEN;
 262              		.loc 1 184 3 is_stmt 1 view .LVU86
 263              		.loc 1 184 15 is_stmt 0 view .LVU87
 264 0008 0324     		movs	r4, #3
 265 000a 1C60     		str	r4, [r3]
 185:../../../lib/Drivers/STM32H7xx_HAL_Driver/Src/stm32h7xx_ll_delayblock.c ****   DLYBx->CFGR = PhaseSel | (Units << DLYB_CFGR_UNIT_Pos);
 266              		.loc 1 185 3 is_stmt 1 view .LVU88
 267              		.loc 1 185 26 is_stmt 0 view .LVU89
 268 000c 41EA0221 		orr	r1, r1, r2, lsl #8
 269              	.LVL24:
 270              		.loc 1 185 15 view .LVU90
 271 0010 5960     		str	r1, [r3, #4]
 186:../../../lib/Drivers/STM32H7xx_HAL_Driver/Src/stm32h7xx_ll_delayblock.c ****   DLYBx->CR   = DLYB_CR_DEN;
 272              		.loc 1 186 3 is_stmt 1 view .LVU91
 273              		.loc 1 186 15 is_stmt 0 view .LVU92
 274 0012 0122     		movs	r2, #1
 275              	.LVL25:
 276              		.loc 1 186 15 view .LVU93
 277 0014 1A60     		str	r2, [r3]
 187:../../../lib/Drivers/STM32H7xx_HAL_Driver/Src/stm32h7xx_ll_delayblock.c **** 
 188:../../../lib/Drivers/STM32H7xx_HAL_Driver/Src/stm32h7xx_ll_delayblock.c ****   return HAL_OK;
 278              		.loc 1 188 3 is_stmt 1 view .LVU94
 189:../../../lib/Drivers/STM32H7xx_HAL_Driver/Src/stm32h7xx_ll_delayblock.c **** }
 279              		.loc 1 189 1 is_stmt 0 view .LVU95
 280 0016 5DF8044B 		ldr	r4, [sp], #4
 281              	.LCFI2:
 282              		.cfi_restore 4
 283              		.cfi_def_cfa_offset 0
 284 001a 7047     		bx	lr
 285              		.cfi_endproc
 286              	.LFE146:
 288              		.text
 289              	.Letext0:
 290              		.file 2 "c:\\program files (x86)\\gnu arm embedded toolchain\\10 2021.10\\arm-none-eabi\\include\\
 291              		.file 3 "c:\\program files (x86)\\gnu arm embedded toolchain\\10 2021.10\\arm-none-eabi\\include\\
 292              		.file 4 "../../../lib/Drivers/CMSIS/Device/ST/STM32H7xx/Include/stm32h750xx.h"
 293              		.file 5 "../../../lib/Drivers/STM32H7xx_HAL_Driver/Inc/stm32h7xx_hal_def.h"
 294              		.file 6 "../../../lib/Drivers/STM32H7xx_HAL_Driver/Inc/stm32h7xx_hal.h"
ARM GAS  C:\Users\tnguy\AppData\Local\Temp\ccCd4wRV.s 			page 10


ARM GAS  C:\Users\tnguy\AppData\Local\Temp\ccCd4wRV.s 			page 11


DEFINED SYMBOLS
                            *ABS*:00000000 stm32h7xx_ll_delayblock.c
C:\Users\tnguy\AppData\Local\Temp\ccCd4wRV.s:19     .text.DelayBlock_Enable:00000000 $t
C:\Users\tnguy\AppData\Local\Temp\ccCd4wRV.s:25     .text.DelayBlock_Enable:00000000 DelayBlock_Enable
C:\Users\tnguy\AppData\Local\Temp\ccCd4wRV.s:207    .text.DelayBlock_Disable:00000000 $t
C:\Users\tnguy\AppData\Local\Temp\ccCd4wRV.s:213    .text.DelayBlock_Disable:00000000 DelayBlock_Disable
C:\Users\tnguy\AppData\Local\Temp\ccCd4wRV.s:236    .text.DelayBlock_Configure:00000000 $t
C:\Users\tnguy\AppData\Local\Temp\ccCd4wRV.s:242    .text.DelayBlock_Configure:00000000 DelayBlock_Configure

UNDEFINED SYMBOLS
HAL_GetTick
