ARM GAS  C:\Users\tnguy\AppData\Local\Temp\ccFEBk5w.s 			page 1


   1              		.cpu cortex-m7
   2              		.arch armv7e-m
   3              		.fpu fpv5-d16
   4              		.eabi_attribute 28, 1
   5              		.eabi_attribute 20, 1
   6              		.eabi_attribute 21, 1
   7              		.eabi_attribute 23, 3
   8              		.eabi_attribute 24, 1
   9              		.eabi_attribute 25, 1
  10              		.eabi_attribute 26, 1
  11              		.eabi_attribute 30, 1
  12              		.eabi_attribute 34, 1
  13              		.eabi_attribute 18, 4
  14              		.file	"syscall.c"
  15              		.text
  16              	.Ltext0:
  17              		.cfi_sections	.debug_frame
  18              	.Letext0:
ARM GAS  C:\Users\tnguy\AppData\Local\Temp\ccFEBk5w.s 			page 2


DEFINED SYMBOLS
                            *ABS*:00000000 syscall.c

NO UNDEFINED SYMBOLS
